<?xml version="1.0" encoding="UTF-8"?>
<testsuite xmlns:xsi="http://www.w3.org/2001/XMLSchema-instance" xsi:noNamespaceSchemaLocation="https://maven.apache.org/surefire/maven-surefire-plugin/xsd/surefire-test-report-3.0.xsd" version="3.0" name="TestSuite" time="67.146" tests="2" errors="0" skipped="0" failures="0">
  <properties>
    <property name="sun.desktop" value="windows"/>
    <property name="awt.toolkit" value="sun.awt.windows.WToolkit"/>
    <property name="file.encoding.pkg" value="sun.io"/>
    <property name="java.specification.version" value="1.8"/>
    <property name="sun.cpu.isalist" value="amd64"/>
    <property name="sun.jnu.encoding" value="Cp1252"/>
    <property name="java.class.path" value="C:\Users\mansoor.ali\eclipse-workspace\Framework\target\test-classes;C:\Users\mansoor.ali\eclipse-workspace\Framework\target\classes;C:\Users\mansoor.ali\.m2\repository\org\testng\testng\6.14.3\testng-6.14.3.jar;C:\Users\mansoor.ali\.m2\repository\com\beust\jcommander\1.72\jcommander-1.72.jar;C:\Users\mansoor.ali\.m2\repository\org\apache-extras\beanshell\bsh\2.0b6\bsh-2.0b6.jar;C:\Users\mansoor.ali\.m2\repository\org\apache\commons\commons-lang3\3.9\commons-lang3-3.9.jar;C:\Users\mansoor.ali\.m2\repository\commons-io\commons-io\2.6\commons-io-2.6.jar;C:\Users\mansoor.ali\.m2\repository\io\appium\java-client\7.0.0\java-client-7.0.0.jar;C:\Users\mansoor.ali\.m2\repository\org\seleniumhq\selenium\selenium-support\3.141.59\selenium-support-3.141.59.jar;C:\Users\mansoor.ali\.m2\repository\org\seleniumhq\selenium\selenium-api\3.141.59\selenium-api-3.141.59.jar;C:\Users\mansoor.ali\.m2\repository\com\google\code\gson\gson\2.8.5\gson-2.8.5.jar;C:\Users\mansoor.ali\.m2\repository\org\apache\httpcomponents\httpclient\4.5.6\httpclient-4.5.6.jar;C:\Users\mansoor.ali\.m2\repository\org\apache\httpcomponents\httpcore\4.4.10\httpcore-4.4.10.jar;C:\Users\mansoor.ali\.m2\repository\commons-codec\commons-codec\1.10\commons-codec-1.10.jar;C:\Users\mansoor.ali\.m2\repository\cglib\cglib\3.2.8\cglib-3.2.8.jar;C:\Users\mansoor.ali\.m2\repository\org\ow2\asm\asm\6.2.1\asm-6.2.1.jar;C:\Users\mansoor.ali\.m2\repository\org\apache\ant\ant\1.10.3\ant-1.10.3.jar;C:\Users\mansoor.ali\.m2\repository\org\apache\ant\ant-launcher\1.10.3\ant-launcher-1.10.3.jar;C:\Users\mansoor.ali\.m2\repository\org\springframework\spring-context\5.1.0.RELEASE\spring-context-5.1.0.RELEASE.jar;C:\Users\mansoor.ali\.m2\repository\org\springframework\spring-aop\5.1.0.RELEASE\spring-aop-5.1.0.RELEASE.jar;C:\Users\mansoor.ali\.m2\repository\org\springframework\spring-beans\5.1.0.RELEASE\spring-beans-5.1.0.RELEASE.jar;C:\Users\mansoor.ali\.m2\repository\org\springframework\spring-core\5.1.0.RELEASE\spring-core-5.1.0.RELEASE.jar;C:\Users\mansoor.ali\.m2\repository\org\springframework\spring-jcl\5.1.0.RELEASE\spring-jcl-5.1.0.RELEASE.jar;C:\Users\mansoor.ali\.m2\repository\org\springframework\spring-expression\5.1.0.RELEASE\spring-expression-5.1.0.RELEASE.jar;C:\Users\mansoor.ali\.m2\repository\org\aspectj\aspectjweaver\1.9.1\aspectjweaver-1.9.1.jar;C:\Users\mansoor.ali\.m2\repository\com\aventstack\extentreports\4.0.0\extentreports-4.0.0.jar;C:\Users\mansoor.ali\.m2\repository\org\freemarker\freemarker\2.3.23\freemarker-2.3.23.jar;C:\Users\mansoor.ali\.m2\repository\org\mongodb\mongodb-driver\3.3.0\mongodb-driver-3.3.0.jar;C:\Users\mansoor.ali\.m2\repository\org\mongodb\mongodb-driver-core\3.3.0\mongodb-driver-core-3.3.0.jar;C:\Users\mansoor.ali\.m2\repository\org\mongodb\bson\3.3.0\bson-3.3.0.jar;C:\Users\mansoor.ali\.m2\repository\org\apache\httpcomponents\httpmime\4.5.2\httpmime-4.5.2.jar;C:\Users\mansoor.ali\.m2\repository\commons-validator\commons-validator\1.6\commons-validator-1.6.jar;C:\Users\mansoor.ali\.m2\repository\commons-beanutils\commons-beanutils\1.9.2\commons-beanutils-1.9.2.jar;C:\Users\mansoor.ali\.m2\repository\commons-digester\commons-digester\1.8.1\commons-digester-1.8.1.jar;C:\Users\mansoor.ali\.m2\repository\commons-logging\commons-logging\1.2\commons-logging-1.2.jar;C:\Users\mansoor.ali\.m2\repository\commons-collections\commons-collections\3.2.2\commons-collections-3.2.2.jar;C:\Users\mansoor.ali\.m2\repository\org\slf4j\slf4j-simple\1.7.26\slf4j-simple-1.7.26.jar;C:\Users\mansoor.ali\.m2\repository\org\slf4j\slf4j-api\1.7.26\slf4j-api-1.7.26.jar;C:\Users\mansoor.ali\.m2\repository\org\seleniumhq\selenium\selenium-java\3.141.59\selenium-java-3.141.59.jar;C:\Users\mansoor.ali\.m2\repository\org\seleniumhq\selenium\selenium-chrome-driver\3.141.59\selenium-chrome-driver-3.141.59.jar;C:\Users\mansoor.ali\.m2\repository\org\seleniumhq\selenium\selenium-edge-driver\3.141.59\selenium-edge-driver-3.141.59.jar;C:\Users\mansoor.ali\.m2\repository\org\seleniumhq\selenium\selenium-firefox-driver\3.141.59\selenium-firefox-driver-3.141.59.jar;C:\Users\mansoor.ali\.m2\repository\org\seleniumhq\selenium\selenium-ie-driver\3.141.59\selenium-ie-driver-3.141.59.jar;C:\Users\mansoor.ali\.m2\repository\org\seleniumhq\selenium\selenium-opera-driver\3.141.59\selenium-opera-driver-3.141.59.jar;C:\Users\mansoor.ali\.m2\repository\org\seleniumhq\selenium\selenium-remote-driver\3.141.59\selenium-remote-driver-3.141.59.jar;C:\Users\mansoor.ali\.m2\repository\org\seleniumhq\selenium\selenium-safari-driver\3.141.59\selenium-safari-driver-3.141.59.jar;C:\Users\mansoor.ali\.m2\repository\net\bytebuddy\byte-buddy\1.8.15\byte-buddy-1.8.15.jar;C:\Users\mansoor.ali\.m2\repository\org\apache\commons\commons-exec\1.3\commons-exec-1.3.jar;C:\Users\mansoor.ali\.m2\repository\com\google\guava\guava\25.0-jre\guava-25.0-jre.jar;C:\Users\mansoor.ali\.m2\repository\com\google\code\findbugs\jsr305\1.3.9\jsr305-1.3.9.jar;C:\Users\mansoor.ali\.m2\repository\org\checkerframework\checker-compat-qual\2.0.0\checker-compat-qual-2.0.0.jar;C:\Users\mansoor.ali\.m2\repository\com\google\errorprone\error_prone_annotations\2.1.3\error_prone_annotations-2.1.3.jar;C:\Users\mansoor.ali\.m2\repository\com\google\j2objc\j2objc-annotations\1.1\j2objc-annotations-1.1.jar;C:\Users\mansoor.ali\.m2\repository\org\codehaus\mojo\animal-sniffer-annotations\1.14\animal-sniffer-annotations-1.14.jar;C:\Users\mansoor.ali\.m2\repository\com\squareup\okhttp3\okhttp\3.11.0\okhttp-3.11.0.jar;C:\Users\mansoor.ali\.m2\repository\com\squareup\okio\okio\1.14.0\okio-1.14.0.jar;"/>
    <property name="java.vm.vendor" value="Oracle Corporation"/>
    <property name="sun.arch.data.model" value="64"/>
    <property name="user.variant" value=""/>
    <property name="java.vendor.url" value="http://java.oracle.com/"/>
    <property name="user.timezone" value="Asia/Karachi"/>
    <property name="user.country.format" value="PK"/>
    <property name="java.vm.specification.version" value="1.8"/>
    <property name="os.name" value="Windows 10"/>
    <property name="user.country" value="US"/>
    <property name="sun.java.launcher" value="SUN_STANDARD"/>
    <property name="sun.boot.library.path" value="C:\Program Files\Java\jdk1.8.0_202\jre\bin"/>
    <property name="sun.java.command" value="C:\Users\mansoor.ali\AppData\Local\Temp\surefire3038722188986378789\surefirebooter7736086696682799080.jar C:\Users\mansoor.ali\AppData\Local\Temp\surefire3038722188986378789 2021-08-10T23-39-23_792-jvmRun1 surefire8473829784877569456tmp surefire_05510929157396501302tmp"/>
    <property name="surefire.test.class.path" value="C:\Users\mansoor.ali\eclipse-workspace\Framework\target\test-classes;C:\Users\mansoor.ali\eclipse-workspace\Framework\target\classes;C:\Users\mansoor.ali\.m2\repository\org\testng\testng\6.14.3\testng-6.14.3.jar;C:\Users\mansoor.ali\.m2\repository\com\beust\jcommander\1.72\jcommander-1.72.jar;C:\Users\mansoor.ali\.m2\repository\org\apache-extras\beanshell\bsh\2.0b6\bsh-2.0b6.jar;C:\Users\mansoor.ali\.m2\repository\org\apache\commons\commons-lang3\3.9\commons-lang3-3.9.jar;C:\Users\mansoor.ali\.m2\repository\commons-io\commons-io\2.6\commons-io-2.6.jar;C:\Users\mansoor.ali\.m2\repository\io\appium\java-client\7.0.0\java-client-7.0.0.jar;C:\Users\mansoor.ali\.m2\repository\org\seleniumhq\selenium\selenium-support\3.141.59\selenium-support-3.141.59.jar;C:\Users\mansoor.ali\.m2\repository\org\seleniumhq\selenium\selenium-api\3.141.59\selenium-api-3.141.59.jar;C:\Users\mansoor.ali\.m2\repository\com\google\code\gson\gson\2.8.5\gson-2.8.5.jar;C:\Users\mansoor.ali\.m2\repository\org\apache\httpcomponents\httpclient\4.5.6\httpclient-4.5.6.jar;C:\Users\mansoor.ali\.m2\repository\org\apache\httpcomponents\httpcore\4.4.10\httpcore-4.4.10.jar;C:\Users\mansoor.ali\.m2\repository\commons-codec\commons-codec\1.10\commons-codec-1.10.jar;C:\Users\mansoor.ali\.m2\repository\cglib\cglib\3.2.8\cglib-3.2.8.jar;C:\Users\mansoor.ali\.m2\repository\org\ow2\asm\asm\6.2.1\asm-6.2.1.jar;C:\Users\mansoor.ali\.m2\repository\org\apache\ant\ant\1.10.3\ant-1.10.3.jar;C:\Users\mansoor.ali\.m2\repository\org\apache\ant\ant-launcher\1.10.3\ant-launcher-1.10.3.jar;C:\Users\mansoor.ali\.m2\repository\org\springframework\spring-context\5.1.0.RELEASE\spring-context-5.1.0.RELEASE.jar;C:\Users\mansoor.ali\.m2\repository\org\springframework\spring-aop\5.1.0.RELEASE\spring-aop-5.1.0.RELEASE.jar;C:\Users\mansoor.ali\.m2\repository\org\springframework\spring-beans\5.1.0.RELEASE\spring-beans-5.1.0.RELEASE.jar;C:\Users\mansoor.ali\.m2\repository\org\springframework\spring-core\5.1.0.RELEASE\spring-core-5.1.0.RELEASE.jar;C:\Users\mansoor.ali\.m2\repository\org\springframework\spring-jcl\5.1.0.RELEASE\spring-jcl-5.1.0.RELEASE.jar;C:\Users\mansoor.ali\.m2\repository\org\springframework\spring-expression\5.1.0.RELEASE\spring-expression-5.1.0.RELEASE.jar;C:\Users\mansoor.ali\.m2\repository\org\aspectj\aspectjweaver\1.9.1\aspectjweaver-1.9.1.jar;C:\Users\mansoor.ali\.m2\repository\com\aventstack\extentreports\4.0.0\extentreports-4.0.0.jar;C:\Users\mansoor.ali\.m2\repository\org\freemarker\freemarker\2.3.23\freemarker-2.3.23.jar;C:\Users\mansoor.ali\.m2\repository\org\mongodb\mongodb-driver\3.3.0\mongodb-driver-3.3.0.jar;C:\Users\mansoor.ali\.m2\repository\org\mongodb\mongodb-driver-core\3.3.0\mongodb-driver-core-3.3.0.jar;C:\Users\mansoor.ali\.m2\repository\org\mongodb\bson\3.3.0\bson-3.3.0.jar;C:\Users\mansoor.ali\.m2\repository\org\apache\httpcomponents\httpmime\4.5.2\httpmime-4.5.2.jar;C:\Users\mansoor.ali\.m2\repository\commons-validator\commons-validator\1.6\commons-validator-1.6.jar;C:\Users\mansoor.ali\.m2\repository\commons-beanutils\commons-beanutils\1.9.2\commons-beanutils-1.9.2.jar;C:\Users\mansoor.ali\.m2\repository\commons-digester\commons-digester\1.8.1\commons-digester-1.8.1.jar;C:\Users\mansoor.ali\.m2\repository\commons-logging\commons-logging\1.2\commons-logging-1.2.jar;C:\Users\mansoor.ali\.m2\repository\commons-collections\commons-collections\3.2.2\commons-collections-3.2.2.jar;C:\Users\mansoor.ali\.m2\repository\org\slf4j\slf4j-simple\1.7.26\slf4j-simple-1.7.26.jar;C:\Users\mansoor.ali\.m2\repository\org\slf4j\slf4j-api\1.7.26\slf4j-api-1.7.26.jar;C:\Users\mansoor.ali\.m2\repository\org\seleniumhq\selenium\selenium-java\3.141.59\selenium-java-3.141.59.jar;C:\Users\mansoor.ali\.m2\repository\org\seleniumhq\selenium\selenium-chrome-driver\3.141.59\selenium-chrome-driver-3.141.59.jar;C:\Users\mansoor.ali\.m2\repository\org\seleniumhq\selenium\selenium-edge-driver\3.141.59\selenium-edge-driver-3.141.59.jar;C:\Users\mansoor.ali\.m2\repository\org\seleniumhq\selenium\selenium-firefox-driver\3.141.59\selenium-firefox-driver-3.141.59.jar;C:\Users\mansoor.ali\.m2\repository\org\seleniumhq\selenium\selenium-ie-driver\3.141.59\selenium-ie-driver-3.141.59.jar;C:\Users\mansoor.ali\.m2\repository\org\seleniumhq\selenium\selenium-opera-driver\3.141.59\selenium-opera-driver-3.141.59.jar;C:\Users\mansoor.ali\.m2\repository\org\seleniumhq\selenium\selenium-remote-driver\3.141.59\selenium-remote-driver-3.141.59.jar;C:\Users\mansoor.ali\.m2\repository\org\seleniumhq\selenium\selenium-safari-driver\3.141.59\selenium-safari-driver-3.141.59.jar;C:\Users\mansoor.ali\.m2\repository\net\bytebuddy\byte-buddy\1.8.15\byte-buddy-1.8.15.jar;C:\Users\mansoor.ali\.m2\repository\org\apache\commons\commons-exec\1.3\commons-exec-1.3.jar;C:\Users\mansoor.ali\.m2\repository\com\google\guava\guava\25.0-jre\guava-25.0-jre.jar;C:\Users\mansoor.ali\.m2\repository\com\google\code\findbugs\jsr305\1.3.9\jsr305-1.3.9.jar;C:\Users\mansoor.ali\.m2\repository\org\checkerframework\checker-compat-qual\2.0.0\checker-compat-qual-2.0.0.jar;C:\Users\mansoor.ali\.m2\repository\com\google\errorprone\error_prone_annotations\2.1.3\error_prone_annotations-2.1.3.jar;C:\Users\mansoor.ali\.m2\repository\com\google\j2objc\j2objc-annotations\1.1\j2objc-annotations-1.1.jar;C:\Users\mansoor.ali\.m2\repository\org\codehaus\mojo\animal-sniffer-annotations\1.14\animal-sniffer-annotations-1.14.jar;C:\Users\mansoor.ali\.m2\repository\com\squareup\okhttp3\okhttp\3.11.0\okhttp-3.11.0.jar;C:\Users\mansoor.ali\.m2\repository\com\squareup\okio\okio\1.14.0\okio-1.14.0.jar;"/>
    <property name="sun.cpu.endian" value="little"/>
    <property name="user.home" value="C:\Users\mansoor.ali"/>
    <property name="user.language" value="en"/>
    <property name="java.specification.vendor" value="Oracle Corporation"/>
    <property name="java.home" value="C:\Program Files\Java\jdk1.8.0_202\jre"/>
    <property name="basedir" value="C:\Users\mansoor.ali\eclipse-workspace\Framework"/>
    <property name="file.separator" value="\"/>
    <property name="line.separator" value="&#10;"/>
    <property name="java.vm.specification.vendor" value="Oracle Corporation"/>
    <property name="java.specification.name" value="Java Platform API Specification"/>
    <property name="java.awt.graphicsenv" value="sun.awt.Win32GraphicsEnvironment"/>
    <property name="surefire.real.class.path" value="C:\Users\mansoor.ali\AppData\Local\Temp\surefire3038722188986378789\surefirebooter7736086696682799080.jar"/>
    <property name="sun.boot.class.path" value="C:\Program Files\Java\jdk1.8.0_202\jre\lib\resources.jar;C:\Program Files\Java\jdk1.8.0_202\jre\lib\rt.jar;C:\Program Files\Java\jdk1.8.0_202\jre\lib\sunrsasign.jar;C:\Program Files\Java\jdk1.8.0_202\jre\lib\jsse.jar;C:\Program Files\Java\jdk1.8.0_202\jre\lib\jce.jar;C:\Program Files\Java\jdk1.8.0_202\jre\lib\charsets.jar;C:\Program Files\Java\jdk1.8.0_202\jre\lib\jfr.jar;C:\Program Files\Java\jdk1.8.0_202\jre\classes"/>
    <property name="user.script" value=""/>
    <property name="sun.management.compiler" value="HotSpot 64-Bit Tiered Compilers"/>
    <property name="java.runtime.version" value="1.8.0_202-b08"/>
    <property name="user.name" value="mansoor.ali"/>
    <property name="path.separator" value=";"/>
    <property name="os.version" value="10.0"/>
    <property name="java.endorsed.dirs" value="C:\Program Files\Java\jdk1.8.0_202\jre\lib\endorsed"/>
    <property name="java.runtime.name" value="Java(TM) SE Runtime Environment"/>
    <property name="file.encoding" value="Cp1252"/>
    <property name="java.vm.name" value="Java HotSpot(TM) 64-Bit Server VM"/>
    <property name="localRepository" value="C:\Users\mansoor.ali\.m2\repository"/>
    <property name="java.vendor.url.bug" value="http://bugreport.sun.com/bugreport/"/>
    <property name="java.io.tmpdir" value="C:\Users\mansoor.ali\AppData\Local\Temp\"/>
    <property name="java.version" value="1.8.0_202"/>
    <property name="user.dir" value="C:\Users\mansoor.ali\eclipse-workspace\Framework"/>
    <property name="os.arch" value="amd64"/>
    <property name="java.vm.specification.name" value="Java Virtual Machine Specification"/>
    <property name="java.awt.printerjob" value="sun.awt.windows.WPrinterJob"/>
    <property name="sun.os.patch.level" value=""/>
    <property name="java.library.path" value="C:\Program Files\Java\jdk1.8.0_202\jre\bin;C:\Windows\Sun\Java\bin;C:\Windows\system32;C:\Windows;C:\Program Files\apache-maven-3.8.1/bin;C:\Program Files\Java\jdk1.8.0_202/bin;C:\Program Files\Java\jdk1.8.0_202/bin;C:\Program Files (x86)\Common Files\Oracle\Java\javapath;C:\Windows\system32;C:\Windows;C:\Windows\System32\Wbem;C:\Windows\System32\WindowsPowerShell\v1.0\;C:\Windows\System32\OpenSSH\;C:\Program Files\Git\cmd;C:\Program Files\nodejs\;C:\Users\mansoor.ali\AppData\Local\Android\Sdk\tools\bin;C:\Users\mansoor.ali\AppData\Local\Android\Sdk\tools;C:\Users\mansoor.ali\AppData\Local\Android\Sdk\platform-tools;C:\Program Files\nodejs\node_modules\npm\bin;C:\Program Files\apache-maven-3.8.1\bin;C:\Program Files\Java\jdk1.8.0_202\bin;C:\Users\mansoor.ali\AppData\Local\Microsoft\WindowsApps;;C:\Program Files\JetBrains\IntelliJ IDEA Community Edition 2021.1.2\bin;;C:\Users\mansoor.ali\AppData\Roaming\npm;."/>
    <property name="java.vm.info" value="mixed mode"/>
    <property name="java.vendor" value="Oracle Corporation"/>
    <property name="java.vm.version" value="25.202-b08"/>
    <property name="java.ext.dirs" value="C:\Program Files\Java\jdk1.8.0_202\jre\lib\ext;C:\Windows\Sun\Java\lib\ext"/>
    <property name="sun.io.unicode.encoding" value="UnicodeLittle"/>
    <property name="java.class.version" value="52.0"/>
  </properties>
  <testcase name="Accessablilty" classname="Ballogy.Framework.Gestures" time="30.717">
    <system-out><![CDATA[[TestNGContentHandler] [WARN] It is strongly recommended to add "<!DOCTYPE suite SYSTEM "http://testng.org/testng-1.0.dtd" >" at the top of your file, otherwise TestNG may fail or not work as expected.
&amp#27;[35m[Appium]&amp#27;[39m Welcome to Appium v1.21.0
&amp#27;[35m[Appium]&amp#27;[39m Appium REST http interface listener started on 0.0.0.0:4723
&amp#27;[35m[HTTP]&amp#27;[39m &amp#27;[37m-->&amp#27;[39m &amp#27;[37mGET&amp#27;[39m &amp#27;[37m/wd/hub/status&amp#27;[39m
&amp#27;[35m[HTTP]&amp#27;[39m &amp#27;[90m{}&amp#27;[39m
[debug] &amp#27;[35m[GENERIC]&amp#27;[39m Calling AppiumDriver.getStatus() with args: []
[debug] &amp#27;[35m[GENERIC]&amp#27;[39m Responding to client with driver.getStatus() result: {"build":{"version":"1.21.0"}}
&amp#27;[35m[HTTP]&amp#27;[39m &amp#27;[37m<-- GET /wd/hub/status &amp#27;[39m&amp#27;[32m200&amp#27;[39m &amp#27;[90m15 ms - 68&amp#27;[39m
&amp#27;[35m[HTTP]&amp#27;[39m &amp#27;[90m&amp#27;[39m
&amp#27;[35m[HTTP]&amp#27;[39m &amp#27;[37m-->&amp#27;[39m &amp#27;[37mPOST&amp#27;[39m &amp#27;[37m/wd/hub/session&amp#27;[39m
&amp#27;[35m[HTTP]&amp#27;[39m &amp#27;[90m{"desiredCapabilities":{"app":"C:\\Users\\mansoor.ali\\eclipse-workspace\\Framework\\src\\ApiDemos-debug.apk","automationName":"uiautomator2","platformName":"Android","deviceName":"emulator-5554"},"capabilities":{"firstMatch":[{"appium:app":"C:\\Users\\mansoor.ali\\eclipse-workspace\\Framework\\src\\ApiDemos-debug.apk","appium:automationName":"uiautomator2","appium:deviceName":"emulator-5554","platformName":"android"}]}}&amp#27;[39m
[debug] &amp#27;[35m[W3C]&amp#27;[39m Calling AppiumDriver.createSession() with args: [{"app":"C:\\Users\\mansoor.ali\\eclipse-workspace\\Framework\\src\\ApiDemos-debug.apk","automationName":"uiautomator2","platformName":"Android","deviceName":"emulator-5554"},null,{"firstMatch":[{"appium:app":"C:\\Users\\mansoor.ali\\eclipse-workspace\\Framework\\src\\ApiDemos-debug.apk","appium:automationName":"uiautomator2","appium:deviceName":"emulator-5554","platformName":"android"}]}]
[debug] &amp#27;[35m[BaseDriver]&amp#27;[39m Event 'newSessionRequested' logged at 1628620786622 (23:39:46 GMT+0500 (Pakistan Standard Time))
&amp#27;[35m[Appium]&amp#27;[39m Appium v1.21.0 creating new AndroidUiautomator2Driver (v1.65.0) session
[debug] &amp#27;[35m[BaseDriver]&amp#27;[39m W3C capabilities and MJSONWP desired capabilities were provided
[debug] &amp#27;[35m[BaseDriver]&amp#27;[39m Creating session with W3C capabilities: {
[debug] &amp#27;[35m[BaseDriver]&amp#27;[39m   "alwaysMatch": {
[debug] &amp#27;[35m[BaseDriver]&amp#27;[39m     "platformName": "android",
[debug] &amp#27;[35m[BaseDriver]&amp#27;[39m     "appium:app": "C:\\Users\\mansoor.ali\\eclipse-workspace\\Framework\\src\\ApiDemos-debug.apk",
[debug] &amp#27;[35m[BaseDriver]&amp#27;[39m     "appium:automationName": "uiautomator2",
[debug] &amp#27;[35m[BaseDriver]&amp#27;[39m     "appium:deviceName": "emulator-5554"
[debug] &amp#27;[35m[BaseDriver]&amp#27;[39m   },
[debug] &amp#27;[35m[BaseDriver]&amp#27;[39m   "firstMatch": [
[debug] &amp#27;[35m[BaseDriver]&amp#27;[39m     {}
[debug] &amp#27;[35m[BaseDriver]&amp#27;[39m   ]
[debug] &amp#27;[35m[BaseDriver]&amp#27;[39m }
&amp#27;[35m[BaseDriver]&amp#27;[39m Session created with session id: 8eea5d70-ca68-47cd-b305-44cf20d81627
&amp#27;[35m[BaseDriver]&amp#27;[39m Using local app 'C:\Users\mansoor.ali\eclipse-workspace\Framework\src\ApiDemos-debug.apk'
[debug] &amp#27;[35m[UiAutomator2]&amp#27;[39m Checking whether app is actually present
&amp#27;[35m[ADB]&amp#27;[39m Found 1 'build-tools' folders under 'C:\Users\mansoor.ali\AppData\Local\Android\Sdk' (newest first):
&amp#27;[35m[ADB]&amp#27;[39m     C:/Users/mansoor.ali/AppData/Local/Android/Sdk/build-tools/30.0.3
&amp#27;[35m[ADB]&amp#27;[39m Using 'adb.exe' from 'C:\Users\mansoor.ali\AppData\Local\Android\Sdk\platform-tools\adb.exe'
[debug] &amp#27;[35m[ADB]&amp#27;[39m Running 'C:\Users\mansoor.ali\AppData\Local\Android\Sdk\platform-tools\adb.exe -P 5037 start-server'
&amp#27;[35m[AndroidDriver]&amp#27;[39m Retrieving device list
[debug] &amp#27;[35m[ADB]&amp#27;[39m Trying to find a connected android device
[debug] &amp#27;[35m[ADB]&amp#27;[39m Getting connected devices
[debug] &amp#27;[35m[ADB]&amp#27;[39m Connected devices: [{"udid":"emulator-5554","state":"device"}]
&amp#27;[35m[AndroidDriver]&amp#27;[39m Using device: emulator-5554
&amp#27;[35m[ADB]&amp#27;[39m Using 'adb.exe' from 'C:\Users\mansoor.ali\AppData\Local\Android\Sdk\platform-tools\adb.exe'
[debug] &amp#27;[35m[ADB]&amp#27;[39m Running 'C:\Users\mansoor.ali\AppData\Local\Android\Sdk\platform-tools\adb.exe -P 5037 start-server'
[debug] &amp#27;[35m[ADB]&amp#27;[39m Setting device id to emulator-5554
[debug] &amp#27;[35m[ADB]&amp#27;[39m Running 'C:\Users\mansoor.ali\AppData\Local\Android\Sdk\platform-tools\adb.exe -P 5037 -s emulator-5554 shell getprop ro.build.version.sdk'
[debug] &amp#27;[35m[ADB]&amp#27;[39m Current device property 'ro.build.version.sdk': 28
&amp#27;[35m[ADB]&amp#27;[39m Getting device platform version
[debug] &amp#27;[35m[ADB]&amp#27;[39m Running 'C:\Users\mansoor.ali\AppData\Local\Android\Sdk\platform-tools\adb.exe -P 5037 -s emulator-5554 shell getprop ro.build.version.release'
[debug] &amp#27;[35m[ADB]&amp#27;[39m Current device property 'ro.build.version.release': 9
[debug] &amp#27;[35m[ADB]&amp#27;[39m Device API level: 28
&amp#27;[35m[UiAutomator2]&amp#27;[39m Relaxing hidden api policy
[debug] &amp#27;[35m[ADB]&amp#27;[39m Running 'C:\Users\mansoor.ali\AppData\Local\Android\Sdk\platform-tools\adb.exe -P 5037 -s emulator-5554 shell 'settings put global hidden_api_policy_pre_p_apps 1;settings put global hidden_api_policy_p_apps 1;settings put global hidden_api_policy 1''
[debug] &amp#27;[35m[AndroidDriver]&amp#27;[39m Parsing package and activity from app manifest
&amp#27;[35m[ADB]&amp#27;[39m Package name: 'io.appium.android.apis'
&amp#27;[35m[ADB]&amp#27;[39m Main activity name: 'io.appium.android.apis.ApiDemos'
[debug] &amp#27;[35m[AndroidDriver]&amp#27;[39m Parsed package and activity are: io.appium.android.apis/io.appium.android.apis.ApiDemos
[debug] &amp#27;[35m[ADB]&amp#27;[39m Running 'C:\Users\mansoor.ali\AppData\Local\Android\Sdk\platform-tools\adb.exe -P 5037 -s emulator-5554 wait-for-device'
[debug] &amp#27;[35m[ADB]&amp#27;[39m Running 'C:\Users\mansoor.ali\AppData\Local\Android\Sdk\platform-tools\adb.exe -P 5037 -s emulator-5554 shell echo ping'
[debug] &amp#27;[35m[AndroidDriver]&amp#27;[39m Pushing settings apk to device...
[debug] &amp#27;[35m[ADB]&amp#27;[39m Getting install status for io.appium.settings
[debug] &amp#27;[35m[ADB]&amp#27;[39m Running 'C:\Users\mansoor.ali\AppData\Local\Android\Sdk\platform-tools\adb.exe -P 5037 -s emulator-5554 shell dumpsys package io.appium.settings'
[debug] &amp#27;[35m[ADB]&amp#27;[39m 'io.appium.settings' is installed
[debug] &amp#27;[35m[ADB]&amp#27;[39m Getting package info for 'io.appium.settings'
[debug] &amp#27;[35m[ADB]&amp#27;[39m Running 'C:\Users\mansoor.ali\AppData\Local\Android\Sdk\platform-tools\adb.exe -P 5037 -s emulator-5554 shell dumpsys package io.appium.settings'
[debug] &amp#27;[35m[ADB]&amp#27;[39m The version name of the installed 'io.appium.settings' is greater or equal to the application version name ('3.3.0' >= '3.3.0')
[debug] &amp#27;[35m[ADB]&amp#27;[39m There is no need to install/upgrade 'C:\Users\mansoor.ali\AppData\Roaming\npm\node_modules\appium\node_modules\io.appium.settings\apks\settings_apk-debug.apk'
[debug] &amp#27;[35m[ADB]&amp#27;[39m Getting IDs of all 'io.appium.settings' processes
[debug] &amp#27;[35m[ADB]&amp#27;[39m Running 'C:\Users\mansoor.ali\AppData\Local\Android\Sdk\platform-tools\adb.exe -P 5037 -s emulator-5554 shell 'pgrep --help; echo $?''
[debug] &amp#27;[35m[ADB]&amp#27;[39m Running 'C:\Users\mansoor.ali\AppData\Local\Android\Sdk\platform-tools\adb.exe -P 5037 -s emulator-5554 shell pgrep -f \(\[\[:blank:\]\]\|\^\)io\.appium\.settings\(\[\[:blank:\]\]\|\$\)'
[debug] &amp#27;[35m[AndroidDriver]&amp#27;[39m io.appium.settings is already running. There is no need to reset its permissions.
[debug] &amp#27;[35m[Logcat]&amp#27;[39m Starting logs capture with command: C:\\Users\\mansoor.ali\\AppData\\Local\\Android\\Sdk\\platform-tools\\adb.exe -P 5037 -s emulator-5554 logcat -v threadtime
[debug] &amp#27;[35m[UiAutomator2]&amp#27;[39m Forwarding UiAutomator2 Server port 6790 to local port 8200
[debug] &amp#27;[35m[ADB]&amp#27;[39m Forwarding system: 8200 to device: 6790
[debug] &amp#27;[35m[ADB]&amp#27;[39m Running 'C:\Users\mansoor.ali\AppData\Local\Android\Sdk\platform-tools\adb.exe -P 5037 -s emulator-5554 forward tcp:8200 tcp:6790'
[debug] &amp#27;[35m[ADB]&amp#27;[39m Getting install status for io.appium.uiautomator2.server
[debug] &amp#27;[35m[ADB]&amp#27;[39m Running 'C:\Users\mansoor.ali\AppData\Local\Android\Sdk\platform-tools\adb.exe -P 5037 -s emulator-5554 shell dumpsys package io.appium.uiautomator2.server'
[debug] &amp#27;[35m[ADB]&amp#27;[39m 'io.appium.uiautomator2.server' is installed
[debug] &amp#27;[35m[ADB]&amp#27;[39m Getting package info for 'io.appium.uiautomator2.server'
[debug] &amp#27;[35m[ADB]&amp#27;[39m Running 'C:\Users\mansoor.ali\AppData\Local\Android\Sdk\platform-tools\adb.exe -P 5037 -s emulator-5554 shell dumpsys package io.appium.uiautomator2.server'
[debug] &amp#27;[35m[ADB]&amp#27;[39m The version name of the installed 'io.appium.uiautomator2.server' is greater or equal to the application version name ('4.21.1' >= '4.21.1')
[debug] &amp#27;[35m[UiAutomator2]&amp#27;[39m io.appium.uiautomator2.server installation state: sameVersionInstalled
[debug] &amp#27;[35m[ADB]&amp#27;[39m Checking app cert for C:\Users\mansoor.ali\AppData\Roaming\npm\node_modules\appium\node_modules\appium-uiautomator2-server\apks\appium-uiautomator2-server-v4.21.1.apk
&amp#27;[35m[ADB]&amp#27;[39m Using 'apksigner.jar' from 'C:\Users\mansoor.ali\AppData\Local\Android\Sdk\build-tools\30.0.3\lib\apksigner.jar'
[debug] &amp#27;[35m[ADB]&amp#27;[39m Starting apksigner: 'C:\\Program Files\\Java\\jdk1.8.0_202\\bin\\java.exe' -Xmx1024M -Xss1m -jar C:\\Users\\mansoor.ali\\AppData\\Local\\Android\\Sdk\\build-tools\\30.0.3\\lib\\apksigner.jar verify --print-certs C:\\Users\\mansoor.ali\\AppData\\Roaming\\npm\\node_modules\\appium\\node_modules\\appium-uiautomator2-server\\apks\\appium-uiautomator2-server-v4.21.1.apk
[debug] &amp#27;[35m[ADB]&amp#27;[39m apksigner stdout: Signer #1 certificate DN: EMAILADDRESS=android@android.com, CN=Android, OU=Android, O=Android, L=Mountain View, ST=California, C=US
[debug] &amp#27;[35m[ADB]&amp#27;[39m Signer #1 certificate SHA-256 digest: a40da80a59d170caa950cf15c18c454d47a39b26989d8b640ecd745ba71bf5dc
[debug] &amp#27;[35m[ADB]&amp#27;[39m Signer #1 certificate SHA-1 digest: 61ed377e85d386a8dfee6b864bd85b0bfaa5af81
[debug] &amp#27;[35m[ADB]&amp#27;[39m Signer #1 certificate MD5 digest: e89b158e4bcf988ebd09eb83f5378e87
[debug] &amp#27;[35m[ADB]&amp#27;[39m 
[debug] &amp#27;[35m[ADB]&amp#27;[39m sha256 hash did match for 'appium-uiautomator2-server-v4.21.1.apk'
&amp#27;[35m[ADB]&amp#27;[39m 'C:\Users\mansoor.ali\AppData\Roaming\npm\node_modules\appium\node_modules\appium-uiautomator2-server\apks\appium-uiautomator2-server-v4.21.1.apk' is signed with the default certificate
[debug] &amp#27;[35m[ADB]&amp#27;[39m Getting install status for io.appium.uiautomator2.server.test
[debug] &amp#27;[35m[ADB]&amp#27;[39m Running 'C:\Users\mansoor.ali\AppData\Local\Android\Sdk\platform-tools\adb.exe -P 5037 -s emulator-5554 shell dumpsys package io.appium.uiautomator2.server.test'
[debug] &amp#27;[35m[ADB]&amp#27;[39m 'io.appium.uiautomator2.server.test' is installed
[debug] &amp#27;[35m[ADB]&amp#27;[39m Checking app cert for C:\Users\mansoor.ali\AppData\Roaming\npm\node_modules\appium\node_modules\appium-uiautomator2-server\apks\appium-uiautomator2-server-debug-androidTest.apk
[debug] &amp#27;[35m[ADB]&amp#27;[39m Starting apksigner: 'C:\\Program Files\\Java\\jdk1.8.0_202\\bin\\java.exe' -Xmx1024M -Xss1m -jar C:\\Users\\mansoor.ali\\AppData\\Local\\Android\\Sdk\\build-tools\\30.0.3\\lib\\apksigner.jar verify --print-certs C:\\Users\\mansoor.ali\\AppData\\Roaming\\npm\\node_modules\\appium\\node_modules\\appium-uiautomator2-server\\apks\\appium-uiautomator2-server-debug-androidTest.apk
[debug] &amp#27;[35m[ADB]&amp#27;[39m apksigner stdout: Signer #1 certificate DN: EMAILADDRESS=android@android.com, CN=Android, OU=Android, O=Android, L=Mountain View, ST=California, C=US
[debug] &amp#27;[35m[ADB]&amp#27;[39m Signer #1 certificate SHA-256 digest: a40da80a59d170caa950cf15c18c454d47a39b26989d8b640ecd745ba71bf5dc
[debug] &amp#27;[35m[ADB]&amp#27;[39m Signer #1 certificate SHA-1 digest: 61ed377e85d386a8dfee6b864bd85b0bfaa5af81
[debug] &amp#27;[35m[ADB]&amp#27;[39m Signer #1 certificate MD5 digest: e89b158e4bcf988ebd09eb83f5378e87
[debug] &amp#27;[35m[ADB]&amp#27;[39m 
[debug] &amp#27;[35m[ADB]&amp#27;[39m sha256 hash did match for 'appium-uiautomator2-server-debug-androidTest.apk'
&amp#27;[35m[ADB]&amp#27;[39m 'C:\Users\mansoor.ali\AppData\Roaming\npm\node_modules\appium\node_modules\appium-uiautomator2-server\apks\appium-uiautomator2-server-debug-androidTest.apk' is signed with the default certificate
&amp#27;[35m[UiAutomator2]&amp#27;[39m Server packages are not going to be (re)installed
[debug] &amp#27;[35m[UiAutomator2]&amp#27;[39m Waiting up to 30000ms for services to be available
[debug] &amp#27;[35m[ADB]&amp#27;[39m Running 'C:\Users\mansoor.ali\AppData\Local\Android\Sdk\platform-tools\adb.exe -P 5037 -s emulator-5554 shell pm list instrumentation'
[debug] &amp#27;[35m[UiAutomator2]&amp#27;[39m Instrumentation target 'io.appium.uiautomator2.server.test/androidx.test.runner.AndroidJUnitRunner' is available
&amp#27;[35m[ADB]&amp#27;[39m Adding packages ["io.appium.settings","io.appium.uiautomator2.server","io.appium.uiautomator2.server.test"] to Doze whitelist
[debug] &amp#27;[35m[ADB]&amp#27;[39m Got the following command chunks to execute: [["dumpsys","deviceidle","whitelist","+io.appium.settings",";","dumpsys","deviceidle","whitelist","+io.appium.uiautomator2.server",";","dumpsys","deviceidle","whitelist","+io.appium.uiautomator2.server.test",";"]]
[debug] &amp#27;[35m[ADB]&amp#27;[39m Running 'C:\Users\mansoor.ali\AppData\Local\Android\Sdk\platform-tools\adb.exe -P 5037 -s emulator-5554 shell dumpsys deviceidle whitelist +io.appium.settings ; dumpsys deviceidle whitelist +io.appium.uiautomator2.server ; dumpsys deviceidle whitelist +io.appium.uiautomator2.server.test ;'
[debug] &amp#27;[35m[ADB]&amp#27;[39m Checking app cert for C:\Users\mansoor.ali\eclipse-workspace\Framework\src\ApiDemos-debug.apk
[debug] &amp#27;[35m[ADB]&amp#27;[39m Starting apksigner: 'C:\\Program Files\\Java\\jdk1.8.0_202\\bin\\java.exe' -Xmx1024M -Xss1m -jar C:\\Users\\mansoor.ali\\AppData\\Local\\Android\\Sdk\\build-tools\\30.0.3\\lib\\apksigner.jar verify --print-certs C:\\Users\\mansoor.ali\\eclipse-workspace\\Framework\\src\\ApiDemos-debug.apk
[debug] &amp#27;[35m[ADB]&amp#27;[39m apksigner stdout: Signer #1 certificate DN: C=US, O=Android, CN=Android Debug
[debug] &amp#27;[35m[ADB]&amp#27;[39m Signer #1 certificate SHA-256 digest: ff2c1b0d041edb6e32a5f7c190ca9c3e78c4ca2cddbbb76133fc30c40b291e30
[debug] &amp#27;[35m[ADB]&amp#27;[39m Signer #1 certificate SHA-1 digest: b3de7d52e6aa703f166c4ee6e921c2816278c393
[debug] &amp#27;[35m[ADB]&amp#27;[39m Signer #1 certificate MD5 digest: 7dce13e4e43fbe159a70f7a252cb0acf
[debug] &amp#27;[35m[ADB]&amp#27;[39m 
&amp#27;[35m[ADB]&amp#27;[39m 'C:\Users\mansoor.ali\eclipse-workspace\Framework\src\ApiDemos-debug.apk' is signed with a non-default certificate
[debug] &amp#27;[35m[ADB]&amp#27;[39m Getting install status for io.appium.android.apis
[debug] &amp#27;[35m[ADB]&amp#27;[39m Running 'C:\Users\mansoor.ali\AppData\Local\Android\Sdk\platform-tools\adb.exe -P 5037 -s emulator-5554 shell dumpsys package io.appium.android.apis'
[debug] &amp#27;[35m[ADB]&amp#27;[39m 'io.appium.android.apis' is installed
[debug] &amp#27;[35m[ADB]&amp#27;[39m Getting package info for 'io.appium.android.apis'
[debug] &amp#27;[35m[ADB]&amp#27;[39m Running 'C:\Users\mansoor.ali\AppData\Local\Android\Sdk\platform-tools\adb.exe -P 5037 -s emulator-5554 shell dumpsys package io.appium.android.apis'
[debug] &amp#27;[35m[ADB]&amp#27;[39m The version name of the installed 'io.appium.android.apis' is greater or equal to the application version name ('3.3.1' >= '3.3.1')
[debug] &amp#27;[35m[ADB]&amp#27;[39m There is no need to install/upgrade 'C:\Users\mansoor.ali\eclipse-workspace\Framework\src\ApiDemos-debug.apk'
&amp#27;[35m[AndroidDriver]&amp#27;[39m Performing fast reset on 'io.appium.android.apis'
[debug] &amp#27;[35m[ADB]&amp#27;[39m Getting install status for io.appium.android.apis
[debug] &amp#27;[35m[ADB]&amp#27;[39m Running 'C:\Users\mansoor.ali\AppData\Local\Android\Sdk\platform-tools\adb.exe -P 5037 -s emulator-5554 shell dumpsys package io.appium.android.apis'
[debug] &amp#27;[35m[ADB]&amp#27;[39m 'io.appium.android.apis' is installed
[debug] &amp#27;[35m[ADB]&amp#27;[39m Running 'C:\Users\mansoor.ali\AppData\Local\Android\Sdk\platform-tools\adb.exe -P 5037 -s emulator-5554 shell am force-stop io.appium.android.apis'
[debug] &amp#27;[35m[ADB]&amp#27;[39m Running 'C:\Users\mansoor.ali\AppData\Local\Android\Sdk\platform-tools\adb.exe -P 5037 -s emulator-5554 shell pm clear io.appium.android.apis'
[debug] &amp#27;[35m[AndroidDriver]&amp#27;[39m Performed fast reset on the installed 'io.appium.android.apis' application (stop and clear)
[debug] &amp#27;[35m[UiAutomator2]&amp#27;[39m Performing shallow cleanup of automation leftovers
[debug] &amp#27;[35m[UiAutomator2]&amp#27;[39m The following obsolete sessions are still running: [null]
[debug] &amp#27;[35m[UiAutomator2]&amp#27;[39m Cleaning up the obsolete sessions
[debug] &amp#27;[35m[ADB]&amp#27;[39m Running 'C:\Users\mansoor.ali\AppData\Local\Android\Sdk\platform-tools\adb.exe -P 5037 -s emulator-5554 shell am force-stop io.appium.uiautomator2.server.test'
&amp#27;[35m[UiAutomator2]&amp#27;[39m Starting UIAutomator2 server 4.21.1
&amp#27;[35m[UiAutomator2]&amp#27;[39m Using UIAutomator2 server from 'C:\Users\mansoor.ali\AppData\Roaming\npm\node_modules\appium\node_modules\appium-uiautomator2-server\apks\appium-uiautomator2-server-v4.21.1.apk' and test from 'C:\Users\mansoor.ali\AppData\Roaming\npm\node_modules\appium\node_modules\appium-uiautomator2-server\apks\appium-uiautomator2-server-debug-androidTest.apk'
&amp#27;[35m[UiAutomator2]&amp#27;[39m Waiting up to 30000ms for UiAutomator2 to be online...
[debug] &amp#27;[35m[ADB]&amp#27;[39m Creating ADB subprocess with args: ["-P",5037,"-s","emulator-5554","shell","am","instrument","-w","-e","disableAnalytics",true,"io.appium.uiautomator2.server.test/androidx.test.runner.AndroidJUnitRunner"]
[debug] &amp#27;[35m[WD Proxy]&amp#27;[39m Matched '/status' to command name 'getStatus'
[debug] &amp#27;[35m[WD Proxy]&amp#27;[39m Proxying [GET /status] to [GET http://127.0.0.1:8200/wd/hub/status] with no body
&amp#27;[35m[WD Proxy]&amp#27;[39m socket hang up
[debug] &amp#27;[35m[WD Proxy]&amp#27;[39m Matched '/status' to command name 'getStatus'
[debug] &amp#27;[35m[WD Proxy]&amp#27;[39m Proxying [GET /status] to [GET http://127.0.0.1:8200/wd/hub/status] with no body
&amp#27;[35m[WD Proxy]&amp#27;[39m socket hang up
[debug] &amp#27;[35m[Instrumentation]&amp#27;[39m io.appium.uiautomator2.server.test.AppiumUiAutomator2Server:
[debug] &amp#27;[35m[WD Proxy]&amp#27;[39m Matched '/status' to command name 'getStatus'
[debug] &amp#27;[35m[WD Proxy]&amp#27;[39m Proxying [GET /status] to [GET http://127.0.0.1:8200/wd/hub/status] with no body
&amp#27;[35m[WD Proxy]&amp#27;[39m socket hang up
[debug] &amp#27;[35m[WD Proxy]&amp#27;[39m Matched '/status' to command name 'getStatus'
[debug] &amp#27;[35m[WD Proxy]&amp#27;[39m Proxying [GET /status] to [GET http://127.0.0.1:8200/wd/hub/status] with no body
[debug] &amp#27;[35m[WD Proxy]&amp#27;[39m Got response with status 200: {"sessionId":"None","value":{"message":"UiAutomator2 Server is ready to accept commands","ready":true}}
[debug] &amp#27;[35m[UiAutomator2]&amp#27;[39m The initialization of the instrumentation process took 3264ms
[debug] &amp#27;[35m[WD Proxy]&amp#27;[39m Matched '/session' to command name 'createSession'
[debug] &amp#27;[35m[WD Proxy]&amp#27;[39m Proxying [POST /session] to [POST http://127.0.0.1:8200/wd/hub/session] with body: {"capabilities":{"firstMatch":[{"platform":"LINUX","webStorageEnabled":false,"takesScreenshot":true,"javascriptEnabled":true,"databaseEnabled":false,"networkConnectionEnabled":true,"locationContextEnabled":false,"warnings":{},"desired":{"platformName":"android","app":"C:\\Users\\mansoor.ali\\eclipse-workspace\\Framework\\src\\ApiDemos-debug.apk","automationName":"uiautomator2","deviceName":"emulator-5554"},"platformName":"android","app":"C:\\Users\\mansoor.ali\\eclipse-workspace\\Framework\\src\\ApiDemos-debug.apk","automationName":"uiautomator2","deviceName":"emulator-5554","deviceUDID":"emulator-5554","appPackage":"io.appium.android.apis"}],"alwaysMatch":{}}}
[debug] &amp#27;[35m[WD Proxy]&amp#27;[39m Got response with status 200: {"sessionId":"cc1d6f54-2783-48a0-9d78-bb31b1ebe9c7","value":{"capabilities":{"firstMatch":[{"platform":"LINUX","webStorageEnabled":false,"takesScreenshot":true,"javascriptEnabled":true,"databaseEnabled":false,"networkConnectionEnabled":true,"locationContextEnabled":false,"warnings":{},"desired":{"platformName":"android","app":"C:\\Users\\mansoor.ali\\eclipse-workspace\\Framework\\src\\ApiDemos-debug.apk","automationName":"uiautomator2","deviceName":"emulator-5554"},"platformName":"android","app":"C:\\Users\\mansoor.ali\\eclipse-workspace\\Framework\\src\\ApiDemos-debug.apk","automationName":"uiautomator2","deviceName":"emulator-5554","deviceUDID":"emulator-5554","appPackage":"io.appium.android.apis"}],"alwaysMatch":{}},"sessionId":"cc1d6f54-2783-48a0-9d78-bb31b1ebe9c7"}}
&amp#27;[35m[WD Proxy]&amp#27;[39m Determined the downstream protocol as 'W3C'
[debug] &amp#27;[35m[WD Proxy]&amp#27;[39m Proxying [GET /appium/device/info] to [GET http://127.0.0.1:8200/wd/hub/session/cc1d6f54-2783-48a0-9d78-bb31b1ebe9c7/appium/device/info] with no body
[debug] &amp#27;[35m[WD Proxy]&amp#27;[39m Got response with status 200: {"sessionId":"cc1d6f54-2783-48a0-9d78-bb31b1ebe9c7","value":{"androidId":"0754f058b8b742e6","apiVersion":"28","bluetooth":null,"brand":"google","carrierName":"Android","displayDensity":420,"locale":"en_US","manufacturer":"Google","model":"AOSP on IA Emulator","networks":[{"capabilities":{"SSID":null,"linkDownBandwidthKbps":1048576,"linkUpstreamBandwidthKbps":1048576,"networkCapabilities":"NET_CAPABILITY_NOT_METERED,NET_CAPABILITY_INTERNET,NET_CAPABILITY_NOT_RESTRICTED,NET_CAPABILITY_TRUSTED,NET_CAPABILITY_NOT_VPN,NET_CAPABILITY_VALIDATED,NET_CAPABILITY_NOT_ROAMING,NET_CAPABILITY_FOREGROUND,NET_CAPABILITY_NOT_CONGESTED,NET_CAPABILITY_NOT_SUSPENDED","signalStrength":-50,"transportTypes":"TRANSPORT_WIFI"},"detailedState":"CONNECTED","extraInfo":null,"isAvailable":true,"isConnected":true,"isFailover":false,"isRoaming":false,"state":"CONNECTED","subtype":0,"subtypeName":"","type":1,"typeName":"WIFI"},{"capabilities":{"SSID":null,"linkDownBandwidthKbps":102400,"linkUpstreamBandwidthKbps":51200,"networkCapabiliti...
[debug] &amp#27;[35m[ADB]&amp#27;[39m Running 'C:\Users\mansoor.ali\AppData\Local\Android\Sdk\platform-tools\adb.exe -P 5037 -s emulator-5554 shell dumpsys window'
&amp#27;[35m[AndroidDriver]&amp#27;[39m Screen already unlocked, doing nothing
&amp#27;[35m[UiAutomator2]&amp#27;[39m Starting 'io.appium.android.apis/io.appium.android.apis.ApiDemos and waiting for 'io.appium.android.apis/io.appium.android.apis.ApiDemos'
[debug] &amp#27;[35m[ADB]&amp#27;[39m Running 'C:\Users\mansoor.ali\AppData\Local\Android\Sdk\platform-tools\adb.exe -P 5037 -s emulator-5554 shell am start -W -n io.appium.android.apis/io.appium.android.apis.ApiDemos -S -a android.intent.action.MAIN -c android.intent.category.LAUNCHER -f 0x10200000'
[debug] &amp#27;[35m[ADB]&amp#27;[39m Waiting up to 20000ms for activity matching pkg: 'io.appium.android.apis' and activity: 'io.appium.android.apis.ApiDemos' to be focused
[debug] &amp#27;[35m[ADB]&amp#27;[39m Possible activities, to be checked: 'io.appium.android.apis.ApiDemos', 'io.appium.android.apis.io.appium.android.apis.ApiDemos'
[debug] &amp#27;[35m[ADB]&amp#27;[39m Getting focused package and activity
[debug] &amp#27;[35m[ADB]&amp#27;[39m Running 'C:\Users\mansoor.ali\AppData\Local\Android\Sdk\platform-tools\adb.exe -P 5037 -s emulator-5554 shell dumpsys window windows'
[debug] &amp#27;[35m[ADB]&amp#27;[39m Found package: 'io.appium.android.apis' and fully qualified activity name : 'io.appium.android.apis.ApiDemos'
[debug] &amp#27;[35m[WD Proxy]&amp#27;[39m Proxying [GET /appium/device/pixel_ratio] to [GET http://127.0.0.1:8200/wd/hub/session/cc1d6f54-2783-48a0-9d78-bb31b1ebe9c7/appium/device/pixel_ratio] with no body
[debug] &amp#27;[35m[WD Proxy]&amp#27;[39m Got response with status 200: {"sessionId":"cc1d6f54-2783-48a0-9d78-bb31b1ebe9c7","value":2.625}
[debug] &amp#27;[35m[WD Proxy]&amp#27;[39m Matched '/appium/device/system_bars' to command name 'getSystemBars'
[debug] &amp#27;[35m[WD Proxy]&amp#27;[39m Proxying [GET /appium/device/system_bars] to [GET http://127.0.0.1:8200/wd/hub/session/cc1d6f54-2783-48a0-9d78-bb31b1ebe9c7/appium/device/system_bars] with no body
[debug] &amp#27;[35m[WD Proxy]&amp#27;[39m Got response with status 200: {"sessionId":"cc1d6f54-2783-48a0-9d78-bb31b1ebe9c7","value":{"statusBar":63}}
[debug] &amp#27;[35m[WD Proxy]&amp#27;[39m Matched '/window/current/size' to command name 'getWindowSize'
[debug] &amp#27;[35m[WD Proxy]&amp#27;[39m Proxying [GET /window/current/size] to [GET http://127.0.0.1:8200/wd/hub/session/cc1d6f54-2783-48a0-9d78-bb31b1ebe9c7/window/current/size] with no body
[debug] &amp#27;[35m[WD Proxy]&amp#27;[39m Got response with status 200: {"sessionId":"cc1d6f54-2783-48a0-9d78-bb31b1ebe9c7","value":{"height":1794,"width":1080}}
&amp#27;[35m[Appium]&amp#27;[39m New AndroidUiautomator2Driver session created successfully, session 8eea5d70-ca68-47cd-b305-44cf20d81627 added to master session list
[debug] &amp#27;[35m[BaseDriver]&amp#27;[39m Event 'newSessionStarted' logged at 1628620800708 (23:40:00 GMT+0500 (Pakistan Standard Time))
[debug] &amp#27;[35m[W3C (8eea5d70)]&amp#27;[39m Cached the protocol value 'W3C' for the new session 8eea5d70-ca68-47cd-b305-44cf20d81627
[debug] &amp#27;[35m[W3C (8eea5d70)]&amp#27;[39m Responding to client with driver.createSession() result: {"capabilities":{"platform":"LINUX","webStorageEnabled":false,"takesScreenshot":true,"javascriptEnabled":true,"databaseEnabled":false,"networkConnectionEnabled":true,"locationContextEnabled":false,"warnings":{},"desired":{"platformName":"android","app":"C:\\Users\\mansoor.ali\\eclipse-workspace\\Framework\\src\\ApiDemos-debug.apk","automationName":"uiautomator2","deviceName":"emulator-5554"},"platformName":"android","app":"C:\\Users\\mansoor.ali\\eclipse-workspace\\Framework\\src\\ApiDemos-debug.apk","automationName":"uiautomator2","deviceName":"emulator-5554","deviceUDID":"emulator-5554","appPackage":"io.appium.android.apis","deviceApiLevel":28,"platformVersion":"9","deviceScreenSize":"1080x1920","deviceScreenDensity":420,"deviceModel":"AOSP on IA Emulator","deviceManufacturer":"Google","pixelRatio":2.625,"statBarHeight":63,"viewportRect":{"left":0,"top":63,"width":1080,"height":1731}}}
&amp#27;[35m[HTTP]&amp#27;[39m &amp#27;[37m<-- POST /wd/hub/session &amp#27;[39m&amp#27;[32m200&amp#27;[39m &amp#27;[90m14095 ms - 961&amp#27;[39m
&amp#27;[35m[HTTP]&amp#27;[39m &amp#27;[90m&amp#27;[39m
&amp#27;[35m[HTTP]&amp#27;[39m &amp#27;[37m-->&amp#27;[39m &amp#27;[37mGET&amp#27;[39m &amp#27;[37m/wd/hub/session/8eea5d70-ca68-47cd-b305-44cf20d81627&amp#27;[39m
&amp#27;[35m[HTTP]&amp#27;[39m &amp#27;[90m{}&amp#27;[39m
[debug] &amp#27;[35m[W3C (8eea5d70)]&amp#27;[39m Calling AppiumDriver.getSession() with args: ["8eea5d70-ca68-47cd-b305-44cf20d81627"]
[debug] &amp#27;[35m[UiAutomator2]&amp#27;[39m Getting session details from server to mix in
[debug] &amp#27;[35m[WD Proxy]&amp#27;[39m Matched '/' to command name 'getSession'
[debug] &amp#27;[35m[WD Proxy]&amp#27;[39m Proxying [GET /] to [GET http://127.0.0.1:8200/wd/hub/session/cc1d6f54-2783-48a0-9d78-bb31b1ebe9c7] with no body
[debug] &amp#27;[35m[WD Proxy]&amp#27;[39m Got response with status 200: {"sessionId":"cc1d6f54-2783-48a0-9d78-bb31b1ebe9c7","value":{"lastScrollData":null}}
[debug] &amp#27;[35m[W3C (8eea5d70)]&amp#27;[39m Responding to client with driver.getSession() result: {"platform":"LINUX","webStorageEnabled":false,"takesScreenshot":true,"javascriptEnabled":true,"databaseEnabled":false,"networkConnectionEnabled":true,"locationContextEnabled":false,"warnings":{},"desired":{"platformName":"android","app":"C:\\Users\\mansoor.ali\\eclipse-workspace\\Framework\\src\\ApiDemos-debug.apk","automationName":"uiautomator2","deviceName":"emulator-5554"},"platformName":"android","app":"C:\\Users\\mansoor.ali\\eclipse-workspace\\Framework\\src\\ApiDemos-debug.apk","automationName":"uiautomator2","deviceName":"emulator-5554","deviceUDID":"emulator-5554","appPackage":"io.appium.android.apis","deviceApiLevel":28,"platformVersion":"9","deviceScreenSize":"1080x1920","deviceScreenDensity":420,"deviceModel":"AOSP on IA Emulator","deviceManufacturer":"Google","pixelRatio":2.625,"statBarHeight":63,"viewportRect":{"left":0,"top":63,"width":1080,"height":1731},"lastScrollData":null}
&amp#27;[35m[HTTP]&amp#27;[39m &amp#27;[37m<-- GET /wd/hub/session/8eea5d70-ca68-47cd-b305-44cf20d81627 &amp#27;[39m&amp#27;[32m200&amp#27;[39m &amp#27;[90m52 ms - 915&amp#27;[39m
&amp#27;[35m[HTTP]&amp#27;[39m &amp#27;[90m&amp#27;[39m
&amp#27;[35m[HTTP]&amp#27;[39m &amp#27;[37m-->&amp#27;[39m &amp#27;[37mGET&amp#27;[39m &amp#27;[37m/wd/hub/session/8eea5d70-ca68-47cd-b305-44cf20d81627&amp#27;[39m
&amp#27;[35m[HTTP]&amp#27;[39m &amp#27;[90m{}&amp#27;[39m
[debug] &amp#27;[35m[W3C (8eea5d70)]&amp#27;[39m Calling AppiumDriver.getSession() with args: ["8eea5d70-ca68-47cd-b305-44cf20d81627"]
[debug] &amp#27;[35m[UiAutomator2]&amp#27;[39m Getting session details from server to mix in
[debug] &amp#27;[35m[WD Proxy]&amp#27;[39m Matched '/' to command name 'getSession'
[debug] &amp#27;[35m[WD Proxy]&amp#27;[39m Proxying [GET /] to [GET http://127.0.0.1:8200/wd/hub/session/cc1d6f54-2783-48a0-9d78-bb31b1ebe9c7] with no body
[debug] &amp#27;[35m[WD Proxy]&amp#27;[39m Got response with status 200: {"sessionId":"cc1d6f54-2783-48a0-9d78-bb31b1ebe9c7","value":{"lastScrollData":null}}
[debug] &amp#27;[35m[W3C (8eea5d70)]&amp#27;[39m Responding to client with driver.getSession() result: {"platform":"LINUX","webStorageEnabled":false,"takesScreenshot":true,"javascriptEnabled":true,"databaseEnabled":false,"networkConnectionEnabled":true,"locationContextEnabled":false,"warnings":{},"desired":{"platformName":"android","app":"C:\\Users\\mansoor.ali\\eclipse-workspace\\Framework\\src\\ApiDemos-debug.apk","automationName":"uiautomator2","deviceName":"emulator-5554"},"platformName":"android","app":"C:\\Users\\mansoor.ali\\eclipse-workspace\\Framework\\src\\ApiDemos-debug.apk","automationName":"uiautomator2","deviceName":"emulator-5554","deviceUDID":"emulator-5554","appPackage":"io.appium.android.apis","deviceApiLevel":28,"platformVersion":"9","deviceScreenSize":"1080x1920","deviceScreenDensity":420,"deviceModel":"AOSP on IA Emulator","deviceManufacturer":"Google","pixelRatio":2.625,"statBarHeight":63,"viewportRect":{"left":0,"top":63,"width":1080,"height":1731},"lastScrollData":null}
&amp#27;[35m[HTTP]&amp#27;[39m &amp#27;[37m<-- GET /wd/hub/session/8eea5d70-ca68-47cd-b305-44cf20d81627 &amp#27;[39m&amp#27;[32m200&amp#27;[39m &amp#27;[90m40 ms - 915&amp#27;[39m
&amp#27;[35m[HTTP]&amp#27;[39m &amp#27;[90m&amp#27;[39m
&amp#27;[35m[HTTP]&amp#27;[39m &amp#27;[37m-->&amp#27;[39m &amp#27;[37mGET&amp#27;[39m &amp#27;[37m/wd/hub/session/8eea5d70-ca68-47cd-b305-44cf20d81627&amp#27;[39m
&amp#27;[35m[HTTP]&amp#27;[39m &amp#27;[90m{}&amp#27;[39m
[debug] &amp#27;[35m[W3C (8eea5d70)]&amp#27;[39m Calling AppiumDriver.getSession() with args: ["8eea5d70-ca68-47cd-b305-44cf20d81627"]
[debug] &amp#27;[35m[UiAutomator2]&amp#27;[39m Getting session details from server to mix in
[debug] &amp#27;[35m[WD Proxy]&amp#27;[39m Matched '/' to command name 'getSession'
[debug] &amp#27;[35m[WD Proxy]&amp#27;[39m Proxying [GET /] to [GET http://127.0.0.1:8200/wd/hub/session/cc1d6f54-2783-48a0-9d78-bb31b1ebe9c7] with no body
[debug] &amp#27;[35m[WD Proxy]&amp#27;[39m Got response with status 200: {"sessionId":"cc1d6f54-2783-48a0-9d78-bb31b1ebe9c7","value":{"lastScrollData":null}}
[debug] &amp#27;[35m[W3C (8eea5d70)]&amp#27;[39m Responding to client with driver.getSession() result: {"platform":"LINUX","webStorageEnabled":false,"takesScreenshot":true,"javascriptEnabled":true,"databaseEnabled":false,"networkConnectionEnabled":true,"locationContextEnabled":false,"warnings":{},"desired":{"platformName":"android","app":"C:\\Users\\mansoor.ali\\eclipse-workspace\\Framework\\src\\ApiDemos-debug.apk","automationName":"uiautomator2","deviceName":"emulator-5554"},"platformName":"android","app":"C:\\Users\\mansoor.ali\\eclipse-workspace\\Framework\\src\\ApiDemos-debug.apk","automationName":"uiautomator2","deviceName":"emulator-5554","deviceUDID":"emulator-5554","appPackage":"io.appium.android.apis","deviceApiLevel":28,"platformVersion":"9","deviceScreenSize":"1080x1920","deviceScreenDensity":420,"deviceModel":"AOSP on IA Emulator","deviceManufacturer":"Google","pixelRatio":2.625,"statBarHeight":63,"viewportRect":{"left":0,"top":63,"width":1080,"height":1731},"lastScrollData":null}
&amp#27;[35m[HTTP]&amp#27;[39m &amp#27;[37m<-- GET /wd/hub/session/8eea5d70-ca68-47cd-b305-44cf20d81627 &amp#27;[39m&amp#27;[32m200&amp#27;[39m &amp#27;[90m34 ms - 915&amp#27;[39m
&amp#27;[35m[HTTP]&amp#27;[39m &amp#27;[90m&amp#27;[39m
&amp#27;[35m[HTTP]&amp#27;[39m &amp#27;[37m-->&amp#27;[39m &amp#27;[37mGET&amp#27;[39m &amp#27;[37m/wd/hub/session/8eea5d70-ca68-47cd-b305-44cf20d81627&amp#27;[39m
&amp#27;[35m[HTTP]&amp#27;[39m &amp#27;[90m{}&amp#27;[39m
[debug] &amp#27;[35m[W3C (8eea5d70)]&amp#27;[39m Calling AppiumDriver.getSession() with args: ["8eea5d70-ca68-47cd-b305-44cf20d81627"]
[debug] &amp#27;[35m[UiAutomator2]&amp#27;[39m Getting session details from server to mix in
[debug] &amp#27;[35m[WD Proxy]&amp#27;[39m Matched '/' to command name 'getSession'
[debug] &amp#27;[35m[WD Proxy]&amp#27;[39m Proxying [GET /] to [GET http://127.0.0.1:8200/wd/hub/session/cc1d6f54-2783-48a0-9d78-bb31b1ebe9c7] with no body
[debug] &amp#27;[35m[WD Proxy]&amp#27;[39m Got response with status 200: {"sessionId":"cc1d6f54-2783-48a0-9d78-bb31b1ebe9c7","value":{"lastScrollData":null}}
[debug] &amp#27;[35m[W3C (8eea5d70)]&amp#27;[39m Responding to client with driver.getSession() result: {"platform":"LINUX","webStorageEnabled":false,"takesScreenshot":true,"javascriptEnabled":true,"databaseEnabled":false,"networkConnectionEnabled":true,"locationContextEnabled":false,"warnings":{},"desired":{"platformName":"android","app":"C:\\Users\\mansoor.ali\\eclipse-workspace\\Framework\\src\\ApiDemos-debug.apk","automationName":"uiautomator2","deviceName":"emulator-5554"},"platformName":"android","app":"C:\\Users\\mansoor.ali\\eclipse-workspace\\Framework\\src\\ApiDemos-debug.apk","automationName":"uiautomator2","deviceName":"emulator-5554","deviceUDID":"emulator-5554","appPackage":"io.appium.android.apis","deviceApiLevel":28,"platformVersion":"9","deviceScreenSize":"1080x1920","deviceScreenDensity":420,"deviceModel":"AOSP on IA Emulator","deviceManufacturer":"Google","pixelRatio":2.625,"statBarHeight":63,"viewportRect":{"left":0,"top":63,"width":1080,"height":1731},"lastScrollData":null}
&amp#27;[35m[HTTP]&amp#27;[39m &amp#27;[37m<-- GET /wd/hub/session/8eea5d70-ca68-47cd-b305-44cf20d81627 &amp#27;[39m&amp#27;[32m200&amp#27;[39m &amp#27;[90m35 ms - 915&amp#27;[39m
&amp#27;[35m[HTTP]&amp#27;[39m &amp#27;[90m&amp#27;[39m
&amp#27;[35m[HTTP]&amp#27;[39m &amp#27;[37m-->&amp#27;[39m &amp#27;[37mGET&amp#27;[39m &amp#27;[37m/wd/hub/session/8eea5d70-ca68-47cd-b305-44cf20d81627&amp#27;[39m
&amp#27;[35m[HTTP]&amp#27;[39m &amp#27;[90m{}&amp#27;[39m
[debug] &amp#27;[35m[W3C (8eea5d70)]&amp#27;[39m Calling AppiumDriver.getSession() with args: ["8eea5d70-ca68-47cd-b305-44cf20d81627"]
[debug] &amp#27;[35m[UiAutomator2]&amp#27;[39m Getting session details from server to mix in
[debug] &amp#27;[35m[WD Proxy]&amp#27;[39m Matched '/' to command name 'getSession'
[debug] &amp#27;[35m[WD Proxy]&amp#27;[39m Proxying [GET /] to [GET http://127.0.0.1:8200/wd/hub/session/cc1d6f54-2783-48a0-9d78-bb31b1ebe9c7] with no body
[debug] &amp#27;[35m[WD Proxy]&amp#27;[39m Got response with status 200: {"sessionId":"cc1d6f54-2783-48a0-9d78-bb31b1ebe9c7","value":{"lastScrollData":null}}
[debug] &amp#27;[35m[W3C (8eea5d70)]&amp#27;[39m Responding to client with driver.getSession() result: {"platform":"LINUX","webStorageEnabled":false,"takesScreenshot":true,"javascriptEnabled":true,"databaseEnabled":false,"networkConnectionEnabled":true,"locationContextEnabled":false,"warnings":{},"desired":{"platformName":"android","app":"C:\\Users\\mansoor.ali\\eclipse-workspace\\Framework\\src\\ApiDemos-debug.apk","automationName":"uiautomator2","deviceName":"emulator-5554"},"platformName":"android","app":"C:\\Users\\mansoor.ali\\eclipse-workspace\\Framework\\src\\ApiDemos-debug.apk","automationName":"uiautomator2","deviceName":"emulator-5554","deviceUDID":"emulator-5554","appPackage":"io.appium.android.apis","deviceApiLevel":28,"platformVersion":"9","deviceScreenSize":"1080x1920","deviceScreenDensity":420,"deviceModel":"AOSP on IA Emulator","deviceManufacturer":"Google","pixelRatio":2.625,"statBarHeight":63,"viewportRect":{"left":0,"top":63,"width":1080,"height":1731},"lastScrollData":null}
&amp#27;[35m[HTTP]&amp#27;[39m &amp#27;[37m<-- GET /wd/hub/session/8eea5d70-ca68-47cd-b305-44cf20d81627 &amp#27;[39m&amp#27;[32m200&amp#27;[39m &amp#27;[90m23 ms - 915&amp#27;[39m
&amp#27;[35m[HTTP]&amp#27;[39m &amp#27;[90m&amp#27;[39m
&amp#27;[35m[HTTP]&amp#27;[39m &amp#27;[37m-->&amp#27;[39m &amp#27;[37mPOST&amp#27;[39m &amp#27;[37m/wd/hub/session/8eea5d70-ca68-47cd-b305-44cf20d81627/element&amp#27;[39m
&amp#27;[35m[HTTP]&amp#27;[39m &amp#27;[90m{"using":"xpath","value":"//android.widget.TextView[@text='Accessibility']"}&amp#27;[39m
[debug] &amp#27;[35m[W3C (8eea5d70)]&amp#27;[39m Calling AppiumDriver.findElement() with args: ["xpath","//android.widget.TextView[@text='Accessibility']","8eea5d70-ca68-47cd-b305-44cf20d81627"]
[debug] &amp#27;[35m[BaseDriver]&amp#27;[39m Valid locator strategies for this request: xpath, id, class name, accessibility id, css selector, -android uiautomator
[debug] &amp#27;[35m[BaseDriver]&amp#27;[39m Waiting up to 0 ms for condition
[debug] &amp#27;[35m[WD Proxy]&amp#27;[39m Matched '/element' to command name 'findElement'
[debug] &amp#27;[35m[WD Proxy]&amp#27;[39m Proxying [POST /element] to [POST http://127.0.0.1:8200/wd/hub/session/cc1d6f54-2783-48a0-9d78-bb31b1ebe9c7/element] with body: {"strategy":"xpath","selector":"//android.widget.TextView[@text='Accessibility']","context":"","multiple":false}
[debug] &amp#27;[35m[WD Proxy]&amp#27;[39m Got response with status 200: {"sessionId":"cc1d6f54-2783-48a0-9d78-bb31b1ebe9c7","value":{"ELEMENT":"fdbd7431-312a-406f-ae71-d5832e6fd5a2","element-6066-11e4-a52e-4f735466cecf":"fdbd7431-312a-406f-ae71-d5832e6fd5a2"}}
[debug] &amp#27;[35m[W3C (8eea5d70)]&amp#27;[39m Responding to client with driver.findElement() result: {"element-6066-11e4-a52e-4f735466cecf":"fdbd7431-312a-406f-ae71-d5832e6fd5a2","ELEMENT":"fdbd7431-312a-406f-ae71-d5832e6fd5a2"}
&amp#27;[35m[HTTP]&amp#27;[39m &amp#27;[37m<-- POST /wd/hub/session/8eea5d70-ca68-47cd-b305-44cf20d81627/element &amp#27;[39m&amp#27;[32m200&amp#27;[39m &amp#27;[90m275 ms - 137&amp#27;[39m
&amp#27;[35m[HTTP]&amp#27;[39m &amp#27;[90m&amp#27;[39m
&amp#27;[35m[HTTP]&amp#27;[39m &amp#27;[37m-->&amp#27;[39m &amp#27;[37mPOST&amp#27;[39m &amp#27;[37m/wd/hub/session/8eea5d70-ca68-47cd-b305-44cf20d81627/touch/perform&amp#27;[39m
&amp#27;[35m[HTTP]&amp#27;[39m &amp#27;[90m{"actions":[{"action":"tap","options":{"element":"fdbd7431-312a-406f-ae71-d5832e6fd5a2"}}]}&amp#27;[39m
[debug] &amp#27;[35m[W3C (8eea5d70)]&amp#27;[39m Calling AppiumDriver.performTouch() with args: [[{"action":"tap","options":{"element":"fdbd7431-312a-406f-ae71-d5832e6fd5a2"}}],"8eea5d70-ca68-47cd-b305-44cf20d81627"]
&amp#27;[35m[UiAutomator2]&amp#27;[39m calling get location: fdbd7431-312a-406f-ae71-d5832e6fd5a2
[debug] &amp#27;[35m[WD Proxy]&amp#27;[39m Matched '/element/fdbd7431-312a-406f-ae71-d5832e6fd5a2/location' to command name 'getLocation'
[debug] &amp#27;[35m[WD Proxy]&amp#27;[39m Proxying [GET /element/fdbd7431-312a-406f-ae71-d5832e6fd5a2/location] to [GET http://127.0.0.1:8200/wd/hub/session/cc1d6f54-2783-48a0-9d78-bb31b1ebe9c7/element/fdbd7431-312a-406f-ae71-d5832e6fd5a2/location] with no body
[debug] &amp#27;[35m[WD Proxy]&amp#27;[39m Got response with status 200: {"sessionId":"cc1d6f54-2783-48a0-9d78-bb31b1ebe9c7","value":{"x":0,"y":339}}
[debug] &amp#27;[35m[WD Proxy]&amp#27;[39m Matched '/element/fdbd7431-312a-406f-ae71-d5832e6fd5a2/size' to command name 'getSize'
[debug] &amp#27;[35m[WD Proxy]&amp#27;[39m Proxying [GET /element/fdbd7431-312a-406f-ae71-d5832e6fd5a2/size] to [GET http://127.0.0.1:8200/wd/hub/session/cc1d6f54-2783-48a0-9d78-bb31b1ebe9c7/element/fdbd7431-312a-406f-ae71-d5832e6fd5a2/size] with no body
[debug] &amp#27;[35m[WD Proxy]&amp#27;[39m Got response with status 200: {"sessionId":"cc1d6f54-2783-48a0-9d78-bb31b1ebe9c7","value":{"height":126,"width":1080}}
[debug] &amp#27;[35m[WD Proxy]&amp#27;[39m Proxying [POST /appium/tap] to [POST http://127.0.0.1:8200/wd/hub/session/cc1d6f54-2783-48a0-9d78-bb31b1ebe9c7/appium/tap] with body: {"x":540,"y":402,"undefined":null}
[debug] &amp#27;[35m[WD Proxy]&amp#27;[39m Got response with status 200: {"sessionId":"cc1d6f54-2783-48a0-9d78-bb31b1ebe9c7","value":null}
[debug] &amp#27;[35m[W3C (8eea5d70)]&amp#27;[39m Responding to client with driver.performTouch() result: null
&amp#27;[35m[HTTP]&amp#27;[39m &amp#27;[37m<-- POST /wd/hub/session/8eea5d70-ca68-47cd-b305-44cf20d81627/touch/perform &amp#27;[39m&amp#27;[32m200&amp#27;[39m &amp#27;[90m1518 ms - 14&amp#27;[39m
&amp#27;[35m[HTTP]&amp#27;[39m &amp#27;[90m&amp#27;[39m
In Utiltitles class Tap method]]></system-out>
    <system-err><![CDATA[Aug 10, 2021 11:40:00 PM io.appium.java_client.remote.AppiumCommandExecutor$1 lambda$0
INFO: Detected dialect: W3C
]]></system-err>
  </testcase>
  <testcase name="Gestures" classname="Ballogy.Framework.Gestures" time="28.55">
    <system-out><![CDATA[&amp#27;[35m[Appium]&amp#27;[39m Welcome to Appium v1.21.0
&amp#27;[35m[Appium]&amp#27;[39m Appium REST http interface listener started on 0.0.0.0:4723
&amp#27;[35m[HTTP]&amp#27;[39m &amp#27;[37m-->&amp#27;[39m &amp#27;[37mGET&amp#27;[39m &amp#27;[37m/wd/hub/status&amp#27;[39m
&amp#27;[35m[HTTP]&amp#27;[39m &amp#27;[90m{}&amp#27;[39m
[debug] &amp#27;[35m[GENERIC]&amp#27;[39m Calling AppiumDriver.getStatus() with args: []
[debug] &amp#27;[35m[GENERIC]&amp#27;[39m Responding to client with driver.getStatus() result: {"build":{"version":"1.21.0"}}
&amp#27;[35m[HTTP]&amp#27;[39m &amp#27;[37m<-- GET /wd/hub/status &amp#27;[39m&amp#27;[32m200&amp#27;[39m &amp#27;[90m8 ms - 68&amp#27;[39m
&amp#27;[35m[HTTP]&amp#27;[39m &amp#27;[90m&amp#27;[39m
&amp#27;[35m[HTTP]&amp#27;[39m &amp#27;[37m-->&amp#27;[39m &amp#27;[37mPOST&amp#27;[39m &amp#27;[37m/wd/hub/session&amp#27;[39m
&amp#27;[35m[HTTP]&amp#27;[39m &amp#27;[90m{"desiredCapabilities":{"app":"C:\\Users\\mansoor.ali\\eclipse-workspace\\Framework\\src\\ApiDemos-debug.apk","automationName":"uiautomator2","platformName":"Android","deviceName":"emulator-5554"},"capabilities":{"firstMatch":[{"appium:app":"C:\\Users\\mansoor.ali\\eclipse-workspace\\Framework\\src\\ApiDemos-debug.apk","appium:automationName":"uiautomator2","appium:deviceName":"emulator-5554","platformName":"android"}]}}&amp#27;[39m
[debug] &amp#27;[35m[W3C]&amp#27;[39m Calling AppiumDriver.createSession() with args: [{"app":"C:\\Users\\mansoor.ali\\eclipse-workspace\\Framework\\src\\ApiDemos-debug.apk","automationName":"uiautomator2","platformName":"Android","deviceName":"emulator-5554"},null,{"firstMatch":[{"appium:app":"C:\\Users\\mansoor.ali\\eclipse-workspace\\Framework\\src\\ApiDemos-debug.apk","appium:automationName":"uiautomator2","appium:deviceName":"emulator-5554","platformName":"android"}]}]
[debug] &amp#27;[35m[BaseDriver]&amp#27;[39m Event 'newSessionRequested' logged at 1628620812432 (23:40:12 GMT+0500 (Pakistan Standard Time))
&amp#27;[35m[Appium]&amp#27;[39m Appium v1.21.0 creating new AndroidUiautomator2Driver (v1.65.0) session
[debug] &amp#27;[35m[BaseDriver]&amp#27;[39m W3C capabilities and MJSONWP desired capabilities were provided
[debug] &amp#27;[35m[BaseDriver]&amp#27;[39m Creating session with W3C capabilities: {
[debug] &amp#27;[35m[BaseDriver]&amp#27;[39m   "alwaysMatch": {
[debug] &amp#27;[35m[BaseDriver]&amp#27;[39m     "platformName": "android",
[debug] &amp#27;[35m[BaseDriver]&amp#27;[39m     "appium:app": "C:\\Users\\mansoor.ali\\eclipse-workspace\\Framework\\src\\ApiDemos-debug.apk",
[debug] &amp#27;[35m[BaseDriver]&amp#27;[39m     "appium:automationName": "uiautomator2",
[debug] &amp#27;[35m[BaseDriver]&amp#27;[39m     "appium:deviceName": "emulator-5554"
[debug] &amp#27;[35m[BaseDriver]&amp#27;[39m   },
[debug] &amp#27;[35m[BaseDriver]&amp#27;[39m   "firstMatch": [
[debug] &amp#27;[35m[BaseDriver]&amp#27;[39m     {}
[debug] &amp#27;[35m[BaseDriver]&amp#27;[39m   ]
[debug] &amp#27;[35m[BaseDriver]&amp#27;[39m }
&amp#27;[35m[BaseDriver]&amp#27;[39m Session created with session id: 8fb2ae73-2c6a-4200-a22f-9ba228724325
&amp#27;[35m[BaseDriver]&amp#27;[39m Using local app 'C:\Users\mansoor.ali\eclipse-workspace\Framework\src\ApiDemos-debug.apk'
[debug] &amp#27;[35m[UiAutomator2]&amp#27;[39m Checking whether app is actually present
&amp#27;[35m[ADB]&amp#27;[39m Found 1 'build-tools' folders under 'C:\Users\mansoor.ali\AppData\Local\Android\Sdk' (newest first):
&amp#27;[35m[ADB]&amp#27;[39m     C:/Users/mansoor.ali/AppData/Local/Android/Sdk/build-tools/30.0.3
&amp#27;[35m[ADB]&amp#27;[39m Using 'adb.exe' from 'C:\Users\mansoor.ali\AppData\Local\Android\Sdk\platform-tools\adb.exe'
[debug] &amp#27;[35m[ADB]&amp#27;[39m Running 'C:\Users\mansoor.ali\AppData\Local\Android\Sdk\platform-tools\adb.exe -P 5037 start-server'
&amp#27;[35m[AndroidDriver]&amp#27;[39m Retrieving device list
[debug] &amp#27;[35m[ADB]&amp#27;[39m Trying to find a connected android device
[debug] &amp#27;[35m[ADB]&amp#27;[39m Getting connected devices
[debug] &amp#27;[35m[ADB]&amp#27;[39m Connected devices: [{"udid":"emulator-5554","state":"device"}]
&amp#27;[35m[AndroidDriver]&amp#27;[39m Using device: emulator-5554
&amp#27;[35m[ADB]&amp#27;[39m Using 'adb.exe' from 'C:\Users\mansoor.ali\AppData\Local\Android\Sdk\platform-tools\adb.exe'
[debug] &amp#27;[35m[ADB]&amp#27;[39m Running 'C:\Users\mansoor.ali\AppData\Local\Android\Sdk\platform-tools\adb.exe -P 5037 start-server'
[debug] &amp#27;[35m[ADB]&amp#27;[39m Setting device id to emulator-5554
[debug] &amp#27;[35m[ADB]&amp#27;[39m Running 'C:\Users\mansoor.ali\AppData\Local\Android\Sdk\platform-tools\adb.exe -P 5037 -s emulator-5554 shell getprop ro.build.version.sdk'
[debug] &amp#27;[35m[ADB]&amp#27;[39m Current device property 'ro.build.version.sdk': 28
&amp#27;[35m[ADB]&amp#27;[39m Getting device platform version
[debug] &amp#27;[35m[ADB]&amp#27;[39m Running 'C:\Users\mansoor.ali\AppData\Local\Android\Sdk\platform-tools\adb.exe -P 5037 -s emulator-5554 shell getprop ro.build.version.release'
[debug] &amp#27;[35m[ADB]&amp#27;[39m Current device property 'ro.build.version.release': 9
[debug] &amp#27;[35m[ADB]&amp#27;[39m Device API level: 28
&amp#27;[35m[UiAutomator2]&amp#27;[39m Relaxing hidden api policy
[debug] &amp#27;[35m[ADB]&amp#27;[39m Running 'C:\Users\mansoor.ali\AppData\Local\Android\Sdk\platform-tools\adb.exe -P 5037 -s emulator-5554 shell 'settings put global hidden_api_policy_pre_p_apps 1;settings put global hidden_api_policy_p_apps 1;settings put global hidden_api_policy 1''
[debug] &amp#27;[35m[AndroidDriver]&amp#27;[39m Parsing package and activity from app manifest
&amp#27;[35m[ADB]&amp#27;[39m Package name: 'io.appium.android.apis'
&amp#27;[35m[ADB]&amp#27;[39m Main activity name: 'io.appium.android.apis.ApiDemos'
[debug] &amp#27;[35m[AndroidDriver]&amp#27;[39m Parsed package and activity are: io.appium.android.apis/io.appium.android.apis.ApiDemos
[debug] &amp#27;[35m[ADB]&amp#27;[39m Running 'C:\Users\mansoor.ali\AppData\Local\Android\Sdk\platform-tools\adb.exe -P 5037 -s emulator-5554 wait-for-device'
[debug] &amp#27;[35m[ADB]&amp#27;[39m Running 'C:\Users\mansoor.ali\AppData\Local\Android\Sdk\platform-tools\adb.exe -P 5037 -s emulator-5554 shell echo ping'
[debug] &amp#27;[35m[AndroidDriver]&amp#27;[39m Pushing settings apk to device...
[debug] &amp#27;[35m[ADB]&amp#27;[39m Getting install status for io.appium.settings
[debug] &amp#27;[35m[ADB]&amp#27;[39m Running 'C:\Users\mansoor.ali\AppData\Local\Android\Sdk\platform-tools\adb.exe -P 5037 -s emulator-5554 shell dumpsys package io.appium.settings'
[debug] &amp#27;[35m[ADB]&amp#27;[39m 'io.appium.settings' is installed
[debug] &amp#27;[35m[ADB]&amp#27;[39m Getting package info for 'io.appium.settings'
[debug] &amp#27;[35m[ADB]&amp#27;[39m Running 'C:\Users\mansoor.ali\AppData\Local\Android\Sdk\platform-tools\adb.exe -P 5037 -s emulator-5554 shell dumpsys package io.appium.settings'
[debug] &amp#27;[35m[ADB]&amp#27;[39m The version name of the installed 'io.appium.settings' is greater or equal to the application version name ('3.3.0' >= '3.3.0')
[debug] &amp#27;[35m[ADB]&amp#27;[39m There is no need to install/upgrade 'C:\Users\mansoor.ali\AppData\Roaming\npm\node_modules\appium\node_modules\io.appium.settings\apks\settings_apk-debug.apk'
[debug] &amp#27;[35m[ADB]&amp#27;[39m Getting IDs of all 'io.appium.settings' processes
[debug] &amp#27;[35m[ADB]&amp#27;[39m Running 'C:\Users\mansoor.ali\AppData\Local\Android\Sdk\platform-tools\adb.exe -P 5037 -s emulator-5554 shell 'pgrep --help; echo $?''
[debug] &amp#27;[35m[ADB]&amp#27;[39m Running 'C:\Users\mansoor.ali\AppData\Local\Android\Sdk\platform-tools\adb.exe -P 5037 -s emulator-5554 shell pgrep -f \(\[\[:blank:\]\]\|\^\)io\.appium\.settings\(\[\[:blank:\]\]\|\$\)'
[debug] &amp#27;[35m[AndroidDriver]&amp#27;[39m io.appium.settings is already running. There is no need to reset its permissions.
[debug] &amp#27;[35m[Logcat]&amp#27;[39m Starting logs capture with command: C:\\Users\\mansoor.ali\\AppData\\Local\\Android\\Sdk\\platform-tools\\adb.exe -P 5037 -s emulator-5554 logcat -v threadtime
[debug] &amp#27;[35m[UiAutomator2]&amp#27;[39m Forwarding UiAutomator2 Server port 6790 to local port 8201
[debug] &amp#27;[35m[ADB]&amp#27;[39m Forwarding system: 8201 to device: 6790
[debug] &amp#27;[35m[ADB]&amp#27;[39m Running 'C:\Users\mansoor.ali\AppData\Local\Android\Sdk\platform-tools\adb.exe -P 5037 -s emulator-5554 forward tcp:8201 tcp:6790'
[debug] &amp#27;[35m[ADB]&amp#27;[39m Getting install status for io.appium.uiautomator2.server
[debug] &amp#27;[35m[ADB]&amp#27;[39m Running 'C:\Users\mansoor.ali\AppData\Local\Android\Sdk\platform-tools\adb.exe -P 5037 -s emulator-5554 shell dumpsys package io.appium.uiautomator2.server'
[debug] &amp#27;[35m[ADB]&amp#27;[39m 'io.appium.uiautomator2.server' is installed
[debug] &amp#27;[35m[ADB]&amp#27;[39m Getting package info for 'io.appium.uiautomator2.server'
[debug] &amp#27;[35m[ADB]&amp#27;[39m Running 'C:\Users\mansoor.ali\AppData\Local\Android\Sdk\platform-tools\adb.exe -P 5037 -s emulator-5554 shell dumpsys package io.appium.uiautomator2.server'
[debug] &amp#27;[35m[ADB]&amp#27;[39m The version name of the installed 'io.appium.uiautomator2.server' is greater or equal to the application version name ('4.21.1' >= '4.21.1')
[debug] &amp#27;[35m[UiAutomator2]&amp#27;[39m io.appium.uiautomator2.server installation state: sameVersionInstalled
[debug] &amp#27;[35m[ADB]&amp#27;[39m Checking app cert for C:\Users\mansoor.ali\AppData\Roaming\npm\node_modules\appium\node_modules\appium-uiautomator2-server\apks\appium-uiautomator2-server-v4.21.1.apk
&amp#27;[35m[ADB]&amp#27;[39m Using 'apksigner.jar' from 'C:\Users\mansoor.ali\AppData\Local\Android\Sdk\build-tools\30.0.3\lib\apksigner.jar'
[debug] &amp#27;[35m[ADB]&amp#27;[39m Starting apksigner: 'C:\\Program Files\\Java\\jdk1.8.0_202\\bin\\java.exe' -Xmx1024M -Xss1m -jar C:\\Users\\mansoor.ali\\AppData\\Local\\Android\\Sdk\\build-tools\\30.0.3\\lib\\apksigner.jar verify --print-certs C:\\Users\\mansoor.ali\\AppData\\Roaming\\npm\\node_modules\\appium\\node_modules\\appium-uiautomator2-server\\apks\\appium-uiautomator2-server-v4.21.1.apk
[debug] &amp#27;[35m[ADB]&amp#27;[39m apksigner stdout: Signer #1 certificate DN: EMAILADDRESS=android@android.com, CN=Android, OU=Android, O=Android, L=Mountain View, ST=California, C=US
[debug] &amp#27;[35m[ADB]&amp#27;[39m Signer #1 certificate SHA-256 digest: a40da80a59d170caa950cf15c18c454d47a39b26989d8b640ecd745ba71bf5dc
[debug] &amp#27;[35m[ADB]&amp#27;[39m Signer #1 certificate SHA-1 digest: 61ed377e85d386a8dfee6b864bd85b0bfaa5af81
[debug] &amp#27;[35m[ADB]&amp#27;[39m Signer #1 certificate MD5 digest: e89b158e4bcf988ebd09eb83f5378e87
[debug] &amp#27;[35m[ADB]&amp#27;[39m 
[debug] &amp#27;[35m[ADB]&amp#27;[39m sha256 hash did match for 'appium-uiautomator2-server-v4.21.1.apk'
&amp#27;[35m[ADB]&amp#27;[39m 'C:\Users\mansoor.ali\AppData\Roaming\npm\node_modules\appium\node_modules\appium-uiautomator2-server\apks\appium-uiautomator2-server-v4.21.1.apk' is signed with the default certificate
[debug] &amp#27;[35m[ADB]&amp#27;[39m Getting install status for io.appium.uiautomator2.server.test
[debug] &amp#27;[35m[ADB]&amp#27;[39m Running 'C:\Users\mansoor.ali\AppData\Local\Android\Sdk\platform-tools\adb.exe -P 5037 -s emulator-5554 shell dumpsys package io.appium.uiautomator2.server.test'
[debug] &amp#27;[35m[ADB]&amp#27;[39m 'io.appium.uiautomator2.server.test' is installed
[debug] &amp#27;[35m[ADB]&amp#27;[39m Checking app cert for C:\Users\mansoor.ali\AppData\Roaming\npm\node_modules\appium\node_modules\appium-uiautomator2-server\apks\appium-uiautomator2-server-debug-androidTest.apk
[debug] &amp#27;[35m[ADB]&amp#27;[39m Starting apksigner: 'C:\\Program Files\\Java\\jdk1.8.0_202\\bin\\java.exe' -Xmx1024M -Xss1m -jar C:\\Users\\mansoor.ali\\AppData\\Local\\Android\\Sdk\\build-tools\\30.0.3\\lib\\apksigner.jar verify --print-certs C:\\Users\\mansoor.ali\\AppData\\Roaming\\npm\\node_modules\\appium\\node_modules\\appium-uiautomator2-server\\apks\\appium-uiautomator2-server-debug-androidTest.apk
[debug] &amp#27;[35m[ADB]&amp#27;[39m apksigner stdout: Signer #1 certificate DN: EMAILADDRESS=android@android.com, CN=Android, OU=Android, O=Android, L=Mountain View, ST=California, C=US
[debug] &amp#27;[35m[ADB]&amp#27;[39m Signer #1 certificate SHA-256 digest: a40da80a59d170caa950cf15c18c454d47a39b26989d8b640ecd745ba71bf5dc
[debug] &amp#27;[35m[ADB]&amp#27;[39m Signer #1 certificate SHA-1 digest: 61ed377e85d386a8dfee6b864bd85b0bfaa5af81
[debug] &amp#27;[35m[ADB]&amp#27;[39m Signer #1 certificate MD5 digest: e89b158e4bcf988ebd09eb83f5378e87
[debug] &amp#27;[35m[ADB]&amp#27;[39m 
[debug] &amp#27;[35m[ADB]&amp#27;[39m sha256 hash did match for 'appium-uiautomator2-server-debug-androidTest.apk'
&amp#27;[35m[ADB]&amp#27;[39m 'C:\Users\mansoor.ali\AppData\Roaming\npm\node_modules\appium\node_modules\appium-uiautomator2-server\apks\appium-uiautomator2-server-debug-androidTest.apk' is signed with the default certificate
&amp#27;[35m[UiAutomator2]&amp#27;[39m Server packages are not going to be (re)installed
[debug] &amp#27;[35m[UiAutomator2]&amp#27;[39m Waiting up to 30000ms for services to be available
[debug] &amp#27;[35m[ADB]&amp#27;[39m Running 'C:\Users\mansoor.ali\AppData\Local\Android\Sdk\platform-tools\adb.exe -P 5037 -s emulator-5554 shell pm list instrumentation'
[debug] &amp#27;[35m[UiAutomator2]&amp#27;[39m Instrumentation target 'io.appium.uiautomator2.server.test/androidx.test.runner.AndroidJUnitRunner' is available
&amp#27;[35m[ADB]&amp#27;[39m Adding packages ["io.appium.settings","io.appium.uiautomator2.server","io.appium.uiautomator2.server.test"] to Doze whitelist
[debug] &amp#27;[35m[ADB]&amp#27;[39m Got the following command chunks to execute: [["dumpsys","deviceidle","whitelist","+io.appium.settings",";","dumpsys","deviceidle","whitelist","+io.appium.uiautomator2.server",";","dumpsys","deviceidle","whitelist","+io.appium.uiautomator2.server.test",";"]]
[debug] &amp#27;[35m[ADB]&amp#27;[39m Running 'C:\Users\mansoor.ali\AppData\Local\Android\Sdk\platform-tools\adb.exe -P 5037 -s emulator-5554 shell dumpsys deviceidle whitelist +io.appium.settings ; dumpsys deviceidle whitelist +io.appium.uiautomator2.server ; dumpsys deviceidle whitelist +io.appium.uiautomator2.server.test ;'
[debug] &amp#27;[35m[ADB]&amp#27;[39m Checking app cert for C:\Users\mansoor.ali\eclipse-workspace\Framework\src\ApiDemos-debug.apk
[debug] &amp#27;[35m[ADB]&amp#27;[39m Starting apksigner: 'C:\\Program Files\\Java\\jdk1.8.0_202\\bin\\java.exe' -Xmx1024M -Xss1m -jar C:\\Users\\mansoor.ali\\AppData\\Local\\Android\\Sdk\\build-tools\\30.0.3\\lib\\apksigner.jar verify --print-certs C:\\Users\\mansoor.ali\\eclipse-workspace\\Framework\\src\\ApiDemos-debug.apk
[debug] &amp#27;[35m[ADB]&amp#27;[39m apksigner stdout: Signer #1 certificate DN: C=US, O=Android, CN=Android Debug
[debug] &amp#27;[35m[ADB]&amp#27;[39m Signer #1 certificate SHA-256 digest: ff2c1b0d041edb6e32a5f7c190ca9c3e78c4ca2cddbbb76133fc30c40b291e30
[debug] &amp#27;[35m[ADB]&amp#27;[39m Signer #1 certificate SHA-1 digest: b3de7d52e6aa703f166c4ee6e921c2816278c393
[debug] &amp#27;[35m[ADB]&amp#27;[39m Signer #1 certificate MD5 digest: 7dce13e4e43fbe159a70f7a252cb0acf
[debug] &amp#27;[35m[ADB]&amp#27;[39m 
&amp#27;[35m[ADB]&amp#27;[39m 'C:\Users\mansoor.ali\eclipse-workspace\Framework\src\ApiDemos-debug.apk' is signed with a non-default certificate
[debug] &amp#27;[35m[ADB]&amp#27;[39m Getting install status for io.appium.android.apis
[debug] &amp#27;[35m[ADB]&amp#27;[39m Running 'C:\Users\mansoor.ali\AppData\Local\Android\Sdk\platform-tools\adb.exe -P 5037 -s emulator-5554 shell dumpsys package io.appium.android.apis'
[debug] &amp#27;[35m[ADB]&amp#27;[39m 'io.appium.android.apis' is installed
[debug] &amp#27;[35m[ADB]&amp#27;[39m Getting package info for 'io.appium.android.apis'
[debug] &amp#27;[35m[ADB]&amp#27;[39m Running 'C:\Users\mansoor.ali\AppData\Local\Android\Sdk\platform-tools\adb.exe -P 5037 -s emulator-5554 shell dumpsys package io.appium.android.apis'
[debug] &amp#27;[35m[ADB]&amp#27;[39m The version name of the installed 'io.appium.android.apis' is greater or equal to the application version name ('3.3.1' >= '3.3.1')
[debug] &amp#27;[35m[ADB]&amp#27;[39m There is no need to install/upgrade 'C:\Users\mansoor.ali\eclipse-workspace\Framework\src\ApiDemos-debug.apk'
&amp#27;[35m[AndroidDriver]&amp#27;[39m Performing fast reset on 'io.appium.android.apis'
[debug] &amp#27;[35m[ADB]&amp#27;[39m Getting install status for io.appium.android.apis
[debug] &amp#27;[35m[ADB]&amp#27;[39m Running 'C:\Users\mansoor.ali\AppData\Local\Android\Sdk\platform-tools\adb.exe -P 5037 -s emulator-5554 shell dumpsys package io.appium.android.apis'
[debug] &amp#27;[35m[ADB]&amp#27;[39m 'io.appium.android.apis' is installed
[debug] &amp#27;[35m[ADB]&amp#27;[39m Running 'C:\Users\mansoor.ali\AppData\Local\Android\Sdk\platform-tools\adb.exe -P 5037 -s emulator-5554 shell am force-stop io.appium.android.apis'
[debug] &amp#27;[35m[ADB]&amp#27;[39m Running 'C:\Users\mansoor.ali\AppData\Local\Android\Sdk\platform-tools\adb.exe -P 5037 -s emulator-5554 shell pm clear io.appium.android.apis'
[debug] &amp#27;[35m[AndroidDriver]&amp#27;[39m Performed fast reset on the installed 'io.appium.android.apis' application (stop and clear)
[debug] &amp#27;[35m[UiAutomator2]&amp#27;[39m Performing shallow cleanup of automation leftovers
[debug] &amp#27;[35m[UiAutomator2]&amp#27;[39m The following obsolete sessions are still running: [null]
[debug] &amp#27;[35m[UiAutomator2]&amp#27;[39m Cleaning up the obsolete sessions
[debug] &amp#27;[35m[ADB]&amp#27;[39m Running 'C:\Users\mansoor.ali\AppData\Local\Android\Sdk\platform-tools\adb.exe -P 5037 -s emulator-5554 shell am force-stop io.appium.uiautomator2.server.test'
&amp#27;[35m[UiAutomator2]&amp#27;[39m Starting UIAutomator2 server 4.21.1
&amp#27;[35m[UiAutomator2]&amp#27;[39m Using UIAutomator2 server from 'C:\Users\mansoor.ali\AppData\Roaming\npm\node_modules\appium\node_modules\appium-uiautomator2-server\apks\appium-uiautomator2-server-v4.21.1.apk' and test from 'C:\Users\mansoor.ali\AppData\Roaming\npm\node_modules\appium\node_modules\appium-uiautomator2-server\apks\appium-uiautomator2-server-debug-androidTest.apk'
&amp#27;[35m[UiAutomator2]&amp#27;[39m Waiting up to 30000ms for UiAutomator2 to be online...
[debug] &amp#27;[35m[ADB]&amp#27;[39m Creating ADB subprocess with args: ["-P",5037,"-s","emulator-5554","shell","am","instrument","-w","-e","disableAnalytics",true,"io.appium.uiautomator2.server.test/androidx.test.runner.AndroidJUnitRunner"]
[debug] &amp#27;[35m[WD Proxy]&amp#27;[39m Matched '/status' to command name 'getStatus'
[debug] &amp#27;[35m[WD Proxy]&amp#27;[39m Proxying [GET /status] to [GET http://127.0.0.1:8201/wd/hub/status] with no body
&amp#27;[35m[WD Proxy]&amp#27;[39m socket hang up
[debug] &amp#27;[35m[WD Proxy]&amp#27;[39m Matched '/status' to command name 'getStatus'
[debug] &amp#27;[35m[WD Proxy]&amp#27;[39m Proxying [GET /status] to [GET http://127.0.0.1:8201/wd/hub/status] with no body
&amp#27;[35m[WD Proxy]&amp#27;[39m socket hang up
[debug] &amp#27;[35m[Instrumentation]&amp#27;[39m io.appium.uiautomator2.server.test.AppiumUiAutomator2Server:
[debug] &amp#27;[35m[WD Proxy]&amp#27;[39m Matched '/status' to command name 'getStatus'
[debug] &amp#27;[35m[WD Proxy]&amp#27;[39m Proxying [GET /status] to [GET http://127.0.0.1:8201/wd/hub/status] with no body
&amp#27;[35m[WD Proxy]&amp#27;[39m socket hang up
[debug] &amp#27;[35m[WD Proxy]&amp#27;[39m Matched '/status' to command name 'getStatus'
[debug] &amp#27;[35m[WD Proxy]&amp#27;[39m Proxying [GET /status] to [GET http://127.0.0.1:8201/wd/hub/status] with no body
[debug] &amp#27;[35m[WD Proxy]&amp#27;[39m Got response with status 200: {"sessionId":"None","value":{"message":"UiAutomator2 Server is ready to accept commands","ready":true}}
[debug] &amp#27;[35m[UiAutomator2]&amp#27;[39m The initialization of the instrumentation process took 3231ms
[debug] &amp#27;[35m[WD Proxy]&amp#27;[39m Matched '/session' to command name 'createSession'
[debug] &amp#27;[35m[WD Proxy]&amp#27;[39m Proxying [POST /session] to [POST http://127.0.0.1:8201/wd/hub/session] with body: {"capabilities":{"firstMatch":[{"platform":"LINUX","webStorageEnabled":false,"takesScreenshot":true,"javascriptEnabled":true,"databaseEnabled":false,"networkConnectionEnabled":true,"locationContextEnabled":false,"warnings":{},"desired":{"platformName":"android","app":"C:\\Users\\mansoor.ali\\eclipse-workspace\\Framework\\src\\ApiDemos-debug.apk","automationName":"uiautomator2","deviceName":"emulator-5554"},"platformName":"android","app":"C:\\Users\\mansoor.ali\\eclipse-workspace\\Framework\\src\\ApiDemos-debug.apk","automationName":"uiautomator2","deviceName":"emulator-5554","deviceUDID":"emulator-5554","appPackage":"io.appium.android.apis"}],"alwaysMatch":{}}}
[debug] &amp#27;[35m[WD Proxy]&amp#27;[39m Got response with status 200: {"sessionId":"81aab3ad-6ec1-48b0-b1ee-d458a0535b91","value":{"capabilities":{"firstMatch":[{"platform":"LINUX","webStorageEnabled":false,"takesScreenshot":true,"javascriptEnabled":true,"databaseEnabled":false,"networkConnectionEnabled":true,"locationContextEnabled":false,"warnings":{},"desired":{"platformName":"android","app":"C:\\Users\\mansoor.ali\\eclipse-workspace\\Framework\\src\\ApiDemos-debug.apk","automationName":"uiautomator2","deviceName":"emulator-5554"},"platformName":"android","app":"C:\\Users\\mansoor.ali\\eclipse-workspace\\Framework\\src\\ApiDemos-debug.apk","automationName":"uiautomator2","deviceName":"emulator-5554","deviceUDID":"emulator-5554","appPackage":"io.appium.android.apis"}],"alwaysMatch":{}},"sessionId":"81aab3ad-6ec1-48b0-b1ee-d458a0535b91"}}
&amp#27;[35m[WD Proxy]&amp#27;[39m Determined the downstream protocol as 'W3C'
[debug] &amp#27;[35m[WD Proxy]&amp#27;[39m Proxying [GET /appium/device/info] to [GET http://127.0.0.1:8201/wd/hub/session/81aab3ad-6ec1-48b0-b1ee-d458a0535b91/appium/device/info] with no body
[debug] &amp#27;[35m[WD Proxy]&amp#27;[39m Got response with status 200: {"sessionId":"81aab3ad-6ec1-48b0-b1ee-d458a0535b91","value":{"androidId":"0754f058b8b742e6","apiVersion":"28","bluetooth":null,"brand":"google","carrierName":"Android","displayDensity":420,"locale":"en_US","manufacturer":"Google","model":"AOSP on IA Emulator","networks":[{"capabilities":{"SSID":null,"linkDownBandwidthKbps":1048576,"linkUpstreamBandwidthKbps":1048576,"networkCapabilities":"NET_CAPABILITY_NOT_METERED,NET_CAPABILITY_INTERNET,NET_CAPABILITY_NOT_RESTRICTED,NET_CAPABILITY_TRUSTED,NET_CAPABILITY_NOT_VPN,NET_CAPABILITY_VALIDATED,NET_CAPABILITY_NOT_ROAMING,NET_CAPABILITY_FOREGROUND,NET_CAPABILITY_NOT_CONGESTED,NET_CAPABILITY_NOT_SUSPENDED","signalStrength":-50,"transportTypes":"TRANSPORT_WIFI"},"detailedState":"CONNECTED","extraInfo":null,"isAvailable":true,"isConnected":true,"isFailover":false,"isRoaming":false,"state":"CONNECTED","subtype":0,"subtypeName":"","type":1,"typeName":"WIFI"},{"capabilities":{"SSID":null,"linkDownBandwidthKbps":102400,"linkUpstreamBandwidthKbps":51200,"networkCapabiliti...
[debug] &amp#27;[35m[ADB]&amp#27;[39m Running 'C:\Users\mansoor.ali\AppData\Local\Android\Sdk\platform-tools\adb.exe -P 5037 -s emulator-5554 shell dumpsys window'
&amp#27;[35m[AndroidDriver]&amp#27;[39m Screen already unlocked, doing nothing
&amp#27;[35m[UiAutomator2]&amp#27;[39m Starting 'io.appium.android.apis/io.appium.android.apis.ApiDemos and waiting for 'io.appium.android.apis/io.appium.android.apis.ApiDemos'
[debug] &amp#27;[35m[ADB]&amp#27;[39m Running 'C:\Users\mansoor.ali\AppData\Local\Android\Sdk\platform-tools\adb.exe -P 5037 -s emulator-5554 shell am start -W -n io.appium.android.apis/io.appium.android.apis.ApiDemos -S -a android.intent.action.MAIN -c android.intent.category.LAUNCHER -f 0x10200000'
[debug] &amp#27;[35m[ADB]&amp#27;[39m Waiting up to 20000ms for activity matching pkg: 'io.appium.android.apis' and activity: 'io.appium.android.apis.ApiDemos' to be focused
[debug] &amp#27;[35m[ADB]&amp#27;[39m Possible activities, to be checked: 'io.appium.android.apis.ApiDemos', 'io.appium.android.apis.io.appium.android.apis.ApiDemos'
[debug] &amp#27;[35m[ADB]&amp#27;[39m Getting focused package and activity
[debug] &amp#27;[35m[ADB]&amp#27;[39m Running 'C:\Users\mansoor.ali\AppData\Local\Android\Sdk\platform-tools\adb.exe -P 5037 -s emulator-5554 shell dumpsys window windows'
[debug] &amp#27;[35m[ADB]&amp#27;[39m Found package: 'io.appium.android.apis' and fully qualified activity name : 'io.appium.android.apis.ApiDemos'
[debug] &amp#27;[35m[WD Proxy]&amp#27;[39m Proxying [GET /appium/device/pixel_ratio] to [GET http://127.0.0.1:8201/wd/hub/session/81aab3ad-6ec1-48b0-b1ee-d458a0535b91/appium/device/pixel_ratio] with no body
[debug] &amp#27;[35m[WD Proxy]&amp#27;[39m Got response with status 200: {"sessionId":"81aab3ad-6ec1-48b0-b1ee-d458a0535b91","value":2.625}
[debug] &amp#27;[35m[WD Proxy]&amp#27;[39m Matched '/appium/device/system_bars' to command name 'getSystemBars'
[debug] &amp#27;[35m[WD Proxy]&amp#27;[39m Proxying [GET /appium/device/system_bars] to [GET http://127.0.0.1:8201/wd/hub/session/81aab3ad-6ec1-48b0-b1ee-d458a0535b91/appium/device/system_bars] with no body
[debug] &amp#27;[35m[WD Proxy]&amp#27;[39m Got response with status 200: {"sessionId":"81aab3ad-6ec1-48b0-b1ee-d458a0535b91","value":{"statusBar":63}}
[debug] &amp#27;[35m[WD Proxy]&amp#27;[39m Matched '/window/current/size' to command name 'getWindowSize'
[debug] &amp#27;[35m[WD Proxy]&amp#27;[39m Proxying [GET /window/current/size] to [GET http://127.0.0.1:8201/wd/hub/session/81aab3ad-6ec1-48b0-b1ee-d458a0535b91/window/current/size] with no body
[debug] &amp#27;[35m[WD Proxy]&amp#27;[39m Got response with status 200: {"sessionId":"81aab3ad-6ec1-48b0-b1ee-d458a0535b91","value":{"height":1794,"width":1080}}
&amp#27;[35m[Appium]&amp#27;[39m New AndroidUiautomator2Driver session created successfully, session 8fb2ae73-2c6a-4200-a22f-9ba228724325 added to master session list
[debug] &amp#27;[35m[BaseDriver]&amp#27;[39m Event 'newSessionStarted' logged at 1628620824779 (23:40:24 GMT+0500 (Pakistan Standard Time))
[debug] &amp#27;[35m[W3C (8fb2ae73)]&amp#27;[39m Cached the protocol value 'W3C' for the new session 8fb2ae73-2c6a-4200-a22f-9ba228724325
[debug] &amp#27;[35m[W3C (8fb2ae73)]&amp#27;[39m Responding to client with driver.createSession() result: {"capabilities":{"platform":"LINUX","webStorageEnabled":false,"takesScreenshot":true,"javascriptEnabled":true,"databaseEnabled":false,"networkConnectionEnabled":true,"locationContextEnabled":false,"warnings":{},"desired":{"platformName":"android","app":"C:\\Users\\mansoor.ali\\eclipse-workspace\\Framework\\src\\ApiDemos-debug.apk","automationName":"uiautomator2","deviceName":"emulator-5554"},"platformName":"android","app":"C:\\Users\\mansoor.ali\\eclipse-workspace\\Framework\\src\\ApiDemos-debug.apk","automationName":"uiautomator2","deviceName":"emulator-5554","deviceUDID":"emulator-5554","appPackage":"io.appium.android.apis","deviceApiLevel":28,"platformVersion":"9","deviceScreenSize":"1080x1920","deviceScreenDensity":420,"deviceModel":"AOSP on IA Emulator","deviceManufacturer":"Google","pixelRatio":2.625,"statBarHeight":63,"viewportRect":{"left":0,"top":63,"width":1080,"height":1731}}}
&amp#27;[35m[HTTP]&amp#27;[39m &amp#27;[37m<-- POST /wd/hub/session &amp#27;[39m&amp#27;[32m200&amp#27;[39m &amp#27;[90m12351 ms - 961&amp#27;[39m
&amp#27;[35m[HTTP]&amp#27;[39m &amp#27;[90m&amp#27;[39m
&amp#27;[35m[HTTP]&amp#27;[39m &amp#27;[37m-->&amp#27;[39m &amp#27;[37mGET&amp#27;[39m &amp#27;[37m/wd/hub/session/8fb2ae73-2c6a-4200-a22f-9ba228724325&amp#27;[39m
&amp#27;[35m[HTTP]&amp#27;[39m &amp#27;[90m{}&amp#27;[39m
[debug] &amp#27;[35m[W3C (8fb2ae73)]&amp#27;[39m Calling AppiumDriver.getSession() with args: ["8fb2ae73-2c6a-4200-a22f-9ba228724325"]
[debug] &amp#27;[35m[UiAutomator2]&amp#27;[39m Getting session details from server to mix in
[debug] &amp#27;[35m[WD Proxy]&amp#27;[39m Matched '/' to command name 'getSession'
[debug] &amp#27;[35m[WD Proxy]&amp#27;[39m Proxying [GET /] to [GET http://127.0.0.1:8201/wd/hub/session/81aab3ad-6ec1-48b0-b1ee-d458a0535b91] with no body
[debug] &amp#27;[35m[WD Proxy]&amp#27;[39m Got response with status 200: {"sessionId":"81aab3ad-6ec1-48b0-b1ee-d458a0535b91","value":{"lastScrollData":null}}
[debug] &amp#27;[35m[W3C (8fb2ae73)]&amp#27;[39m Responding to client with driver.getSession() result: {"platform":"LINUX","webStorageEnabled":false,"takesScreenshot":true,"javascriptEnabled":true,"databaseEnabled":false,"networkConnectionEnabled":true,"locationContextEnabled":false,"warnings":{},"desired":{"platformName":"android","app":"C:\\Users\\mansoor.ali\\eclipse-workspace\\Framework\\src\\ApiDemos-debug.apk","automationName":"uiautomator2","deviceName":"emulator-5554"},"platformName":"android","app":"C:\\Users\\mansoor.ali\\eclipse-workspace\\Framework\\src\\ApiDemos-debug.apk","automationName":"uiautomator2","deviceName":"emulator-5554","deviceUDID":"emulator-5554","appPackage":"io.appium.android.apis","deviceApiLevel":28,"platformVersion":"9","deviceScreenSize":"1080x1920","deviceScreenDensity":420,"deviceModel":"AOSP on IA Emulator","deviceManufacturer":"Google","pixelRatio":2.625,"statBarHeight":63,"viewportRect":{"left":0,"top":63,"width":1080,"height":1731},"lastScrollData":null}
&amp#27;[35m[HTTP]&amp#27;[39m &amp#27;[37m<-- GET /wd/hub/session/8fb2ae73-2c6a-4200-a22f-9ba228724325 &amp#27;[39m&amp#27;[32m200&amp#27;[39m &amp#27;[90m39 ms - 915&amp#27;[39m
&amp#27;[35m[HTTP]&amp#27;[39m &amp#27;[90m&amp#27;[39m
&amp#27;[35m[HTTP]&amp#27;[39m &amp#27;[37m-->&amp#27;[39m &amp#27;[37mGET&amp#27;[39m &amp#27;[37m/wd/hub/session/8fb2ae73-2c6a-4200-a22f-9ba228724325&amp#27;[39m
&amp#27;[35m[HTTP]&amp#27;[39m &amp#27;[90m{}&amp#27;[39m
[debug] &amp#27;[35m[W3C (8fb2ae73)]&amp#27;[39m Calling AppiumDriver.getSession() with args: ["8fb2ae73-2c6a-4200-a22f-9ba228724325"]
[debug] &amp#27;[35m[UiAutomator2]&amp#27;[39m Getting session details from server to mix in
[debug] &amp#27;[35m[WD Proxy]&amp#27;[39m Matched '/' to command name 'getSession'
[debug] &amp#27;[35m[WD Proxy]&amp#27;[39m Proxying [GET /] to [GET http://127.0.0.1:8201/wd/hub/session/81aab3ad-6ec1-48b0-b1ee-d458a0535b91] with no body
[debug] &amp#27;[35m[WD Proxy]&amp#27;[39m Got response with status 200: {"sessionId":"81aab3ad-6ec1-48b0-b1ee-d458a0535b91","value":{"lastScrollData":null}}
[debug] &amp#27;[35m[W3C (8fb2ae73)]&amp#27;[39m Responding to client with driver.getSession() result: {"platform":"LINUX","webStorageEnabled":false,"takesScreenshot":true,"javascriptEnabled":true,"databaseEnabled":false,"networkConnectionEnabled":true,"locationContextEnabled":false,"warnings":{},"desired":{"platformName":"android","app":"C:\\Users\\mansoor.ali\\eclipse-workspace\\Framework\\src\\ApiDemos-debug.apk","automationName":"uiautomator2","deviceName":"emulator-5554"},"platformName":"android","app":"C:\\Users\\mansoor.ali\\eclipse-workspace\\Framework\\src\\ApiDemos-debug.apk","automationName":"uiautomator2","deviceName":"emulator-5554","deviceUDID":"emulator-5554","appPackage":"io.appium.android.apis","deviceApiLevel":28,"platformVersion":"9","deviceScreenSize":"1080x1920","deviceScreenDensity":420,"deviceModel":"AOSP on IA Emulator","deviceManufacturer":"Google","pixelRatio":2.625,"statBarHeight":63,"viewportRect":{"left":0,"top":63,"width":1080,"height":1731},"lastScrollData":null}
&amp#27;[35m[HTTP]&amp#27;[39m &amp#27;[37m<-- GET /wd/hub/session/8fb2ae73-2c6a-4200-a22f-9ba228724325 &amp#27;[39m&amp#27;[32m200&amp#27;[39m &amp#27;[90m26 ms - 915&amp#27;[39m
&amp#27;[35m[HTTP]&amp#27;[39m &amp#27;[90m&amp#27;[39m
&amp#27;[35m[HTTP]&amp#27;[39m &amp#27;[37m-->&amp#27;[39m &amp#27;[37mGET&amp#27;[39m &amp#27;[37m/wd/hub/session/8fb2ae73-2c6a-4200-a22f-9ba228724325&amp#27;[39m
&amp#27;[35m[HTTP]&amp#27;[39m &amp#27;[90m{}&amp#27;[39m
[debug] &amp#27;[35m[W3C (8fb2ae73)]&amp#27;[39m Calling AppiumDriver.getSession() with args: ["8fb2ae73-2c6a-4200-a22f-9ba228724325"]
[debug] &amp#27;[35m[UiAutomator2]&amp#27;[39m Getting session details from server to mix in
[debug] &amp#27;[35m[WD Proxy]&amp#27;[39m Matched '/' to command name 'getSession'
[debug] &amp#27;[35m[WD Proxy]&amp#27;[39m Proxying [GET /] to [GET http://127.0.0.1:8201/wd/hub/session/81aab3ad-6ec1-48b0-b1ee-d458a0535b91] with no body
[debug] &amp#27;[35m[WD Proxy]&amp#27;[39m Got response with status 200: {"sessionId":"81aab3ad-6ec1-48b0-b1ee-d458a0535b91","value":{"lastScrollData":null}}
[debug] &amp#27;[35m[W3C (8fb2ae73)]&amp#27;[39m Responding to client with driver.getSession() result: {"platform":"LINUX","webStorageEnabled":false,"takesScreenshot":true,"javascriptEnabled":true,"databaseEnabled":false,"networkConnectionEnabled":true,"locationContextEnabled":false,"warnings":{},"desired":{"platformName":"android","app":"C:\\Users\\mansoor.ali\\eclipse-workspace\\Framework\\src\\ApiDemos-debug.apk","automationName":"uiautomator2","deviceName":"emulator-5554"},"platformName":"android","app":"C:\\Users\\mansoor.ali\\eclipse-workspace\\Framework\\src\\ApiDemos-debug.apk","automationName":"uiautomator2","deviceName":"emulator-5554","deviceUDID":"emulator-5554","appPackage":"io.appium.android.apis","deviceApiLevel":28,"platformVersion":"9","deviceScreenSize":"1080x1920","deviceScreenDensity":420,"deviceModel":"AOSP on IA Emulator","deviceManufacturer":"Google","pixelRatio":2.625,"statBarHeight":63,"viewportRect":{"left":0,"top":63,"width":1080,"height":1731},"lastScrollData":null}
&amp#27;[35m[HTTP]&amp#27;[39m &amp#27;[37m<-- GET /wd/hub/session/8fb2ae73-2c6a-4200-a22f-9ba228724325 &amp#27;[39m&amp#27;[32m200&amp#27;[39m &amp#27;[90m28 ms - 915&amp#27;[39m
&amp#27;[35m[HTTP]&amp#27;[39m &amp#27;[90m&amp#27;[39m
&amp#27;[35m[HTTP]&amp#27;[39m &amp#27;[37m-->&amp#27;[39m &amp#27;[37mGET&amp#27;[39m &amp#27;[37m/wd/hub/session/8fb2ae73-2c6a-4200-a22f-9ba228724325&amp#27;[39m
&amp#27;[35m[HTTP]&amp#27;[39m &amp#27;[90m{}&amp#27;[39m
[debug] &amp#27;[35m[W3C (8fb2ae73)]&amp#27;[39m Calling AppiumDriver.getSession() with args: ["8fb2ae73-2c6a-4200-a22f-9ba228724325"]
[debug] &amp#27;[35m[UiAutomator2]&amp#27;[39m Getting session details from server to mix in
[debug] &amp#27;[35m[WD Proxy]&amp#27;[39m Matched '/' to command name 'getSession'
[debug] &amp#27;[35m[WD Proxy]&amp#27;[39m Proxying [GET /] to [GET http://127.0.0.1:8201/wd/hub/session/81aab3ad-6ec1-48b0-b1ee-d458a0535b91] with no body
[debug] &amp#27;[35m[WD Proxy]&amp#27;[39m Got response with status 200: {"sessionId":"81aab3ad-6ec1-48b0-b1ee-d458a0535b91","value":{"lastScrollData":null}}
[debug] &amp#27;[35m[W3C (8fb2ae73)]&amp#27;[39m Responding to client with driver.getSession() result: {"platform":"LINUX","webStorageEnabled":false,"takesScreenshot":true,"javascriptEnabled":true,"databaseEnabled":false,"networkConnectionEnabled":true,"locationContextEnabled":false,"warnings":{},"desired":{"platformName":"android","app":"C:\\Users\\mansoor.ali\\eclipse-workspace\\Framework\\src\\ApiDemos-debug.apk","automationName":"uiautomator2","deviceName":"emulator-5554"},"platformName":"android","app":"C:\\Users\\mansoor.ali\\eclipse-workspace\\Framework\\src\\ApiDemos-debug.apk","automationName":"uiautomator2","deviceName":"emulator-5554","deviceUDID":"emulator-5554","appPackage":"io.appium.android.apis","deviceApiLevel":28,"platformVersion":"9","deviceScreenSize":"1080x1920","deviceScreenDensity":420,"deviceModel":"AOSP on IA Emulator","deviceManufacturer":"Google","pixelRatio":2.625,"statBarHeight":63,"viewportRect":{"left":0,"top":63,"width":1080,"height":1731},"lastScrollData":null}
&amp#27;[35m[HTTP]&amp#27;[39m &amp#27;[37m<-- GET /wd/hub/session/8fb2ae73-2c6a-4200-a22f-9ba228724325 &amp#27;[39m&amp#27;[32m200&amp#27;[39m &amp#27;[90m28 ms - 915&amp#27;[39m
&amp#27;[35m[HTTP]&amp#27;[39m &amp#27;[90m&amp#27;[39m
&amp#27;[35m[HTTP]&amp#27;[39m &amp#27;[37m-->&amp#27;[39m &amp#27;[37mGET&amp#27;[39m &amp#27;[37m/wd/hub/session/8fb2ae73-2c6a-4200-a22f-9ba228724325&amp#27;[39m
&amp#27;[35m[HTTP]&amp#27;[39m &amp#27;[90m{}&amp#27;[39m
[debug] &amp#27;[35m[W3C (8fb2ae73)]&amp#27;[39m Calling AppiumDriver.getSession() with args: ["8fb2ae73-2c6a-4200-a22f-9ba228724325"]
[debug] &amp#27;[35m[UiAutomator2]&amp#27;[39m Getting session details from server to mix in
[debug] &amp#27;[35m[WD Proxy]&amp#27;[39m Matched '/' to command name 'getSession'
[debug] &amp#27;[35m[WD Proxy]&amp#27;[39m Proxying [GET /] to [GET http://127.0.0.1:8201/wd/hub/session/81aab3ad-6ec1-48b0-b1ee-d458a0535b91] with no body
[debug] &amp#27;[35m[WD Proxy]&amp#27;[39m Got response with status 200: {"sessionId":"81aab3ad-6ec1-48b0-b1ee-d458a0535b91","value":{"lastScrollData":null}}
[debug] &amp#27;[35m[W3C (8fb2ae73)]&amp#27;[39m Responding to client with driver.getSession() result: {"platform":"LINUX","webStorageEnabled":false,"takesScreenshot":true,"javascriptEnabled":true,"databaseEnabled":false,"networkConnectionEnabled":true,"locationContextEnabled":false,"warnings":{},"desired":{"platformName":"android","app":"C:\\Users\\mansoor.ali\\eclipse-workspace\\Framework\\src\\ApiDemos-debug.apk","automationName":"uiautomator2","deviceName":"emulator-5554"},"platformName":"android","app":"C:\\Users\\mansoor.ali\\eclipse-workspace\\Framework\\src\\ApiDemos-debug.apk","automationName":"uiautomator2","deviceName":"emulator-5554","deviceUDID":"emulator-5554","appPackage":"io.appium.android.apis","deviceApiLevel":28,"platformVersion":"9","deviceScreenSize":"1080x1920","deviceScreenDensity":420,"deviceModel":"AOSP on IA Emulator","deviceManufacturer":"Google","pixelRatio":2.625,"statBarHeight":63,"viewportRect":{"left":0,"top":63,"width":1080,"height":1731},"lastScrollData":null}
&amp#27;[35m[HTTP]&amp#27;[39m &amp#27;[37m<-- GET /wd/hub/session/8fb2ae73-2c6a-4200-a22f-9ba228724325 &amp#27;[39m&amp#27;[32m200&amp#27;[39m &amp#27;[90m28 ms - 915&amp#27;[39m
&amp#27;[35m[HTTP]&amp#27;[39m &amp#27;[90m&amp#27;[39m
&amp#27;[35m[HTTP]&amp#27;[39m &amp#27;[37m-->&amp#27;[39m &amp#27;[37mPOST&amp#27;[39m &amp#27;[37m/wd/hub/session/8fb2ae73-2c6a-4200-a22f-9ba228724325/element&amp#27;[39m
&amp#27;[35m[HTTP]&amp#27;[39m &amp#27;[90m{"using":"xpath","value":"//android.widget.TextView[@text='Views']"}&amp#27;[39m
[debug] &amp#27;[35m[W3C (8fb2ae73)]&amp#27;[39m Calling AppiumDriver.findElement() with args: ["xpath","//android.widget.TextView[@text='Views']","8fb2ae73-2c6a-4200-a22f-9ba228724325"]
[debug] &amp#27;[35m[BaseDriver]&amp#27;[39m Valid locator strategies for this request: xpath, id, class name, accessibility id, css selector, -android uiautomator
[debug] &amp#27;[35m[BaseDriver]&amp#27;[39m Waiting up to 0 ms for condition
[debug] &amp#27;[35m[WD Proxy]&amp#27;[39m Matched '/element' to command name 'findElement'
[debug] &amp#27;[35m[WD Proxy]&amp#27;[39m Proxying [POST /element] to [POST http://127.0.0.1:8201/wd/hub/session/81aab3ad-6ec1-48b0-b1ee-d458a0535b91/element] with body: {"strategy":"xpath","selector":"//android.widget.TextView[@text='Views']","context":"","multiple":false}
[debug] &amp#27;[35m[WD Proxy]&amp#27;[39m Got response with status 200: {"sessionId":"81aab3ad-6ec1-48b0-b1ee-d458a0535b91","value":{"ELEMENT":"175f1f1d-1b2b-49a4-896c-2026d5f97348","element-6066-11e4-a52e-4f735466cecf":"175f1f1d-1b2b-49a4-896c-2026d5f97348"}}
[debug] &amp#27;[35m[W3C (8fb2ae73)]&amp#27;[39m Responding to client with driver.findElement() result: {"element-6066-11e4-a52e-4f735466cecf":"175f1f1d-1b2b-49a4-896c-2026d5f97348","ELEMENT":"175f1f1d-1b2b-49a4-896c-2026d5f97348"}
&amp#27;[35m[HTTP]&amp#27;[39m &amp#27;[37m<-- POST /wd/hub/session/8fb2ae73-2c6a-4200-a22f-9ba228724325/element &amp#27;[39m&amp#27;[32m200&amp#27;[39m &amp#27;[90m292 ms - 137&amp#27;[39m
&amp#27;[35m[HTTP]&amp#27;[39m &amp#27;[90m&amp#27;[39m
&amp#27;[35m[HTTP]&amp#27;[39m &amp#27;[37m-->&amp#27;[39m &amp#27;[37mPOST&amp#27;[39m &amp#27;[37m/wd/hub/session/8fb2ae73-2c6a-4200-a22f-9ba228724325/element/175f1f1d-1b2b-49a4-896c-2026d5f97348/click&amp#27;[39m
&amp#27;[35m[HTTP]&amp#27;[39m &amp#27;[90m{"id":"175f1f1d-1b2b-49a4-896c-2026d5f97348"}&amp#27;[39m
[debug] &amp#27;[35m[W3C (8fb2ae73)]&amp#27;[39m Calling AppiumDriver.click() with args: ["175f1f1d-1b2b-49a4-896c-2026d5f97348","8fb2ae73-2c6a-4200-a22f-9ba228724325"]
[debug] &amp#27;[35m[WD Proxy]&amp#27;[39m Matched '/element/175f1f1d-1b2b-49a4-896c-2026d5f97348/click' to command name 'click'
[debug] &amp#27;[35m[WD Proxy]&amp#27;[39m Proxying [POST /element/175f1f1d-1b2b-49a4-896c-2026d5f97348/click] to [POST http://127.0.0.1:8201/wd/hub/session/81aab3ad-6ec1-48b0-b1ee-d458a0535b91/element/175f1f1d-1b2b-49a4-896c-2026d5f97348/click] with body: {"element":"175f1f1d-1b2b-49a4-896c-2026d5f97348"}
[debug] &amp#27;[35m[WD Proxy]&amp#27;[39m Got response with status 200: {"sessionId":"81aab3ad-6ec1-48b0-b1ee-d458a0535b91","value":null}
[debug] &amp#27;[35m[W3C (8fb2ae73)]&amp#27;[39m Responding to client with driver.click() result: null
&amp#27;[35m[HTTP]&amp#27;[39m &amp#27;[37m<-- POST /wd/hub/session/8fb2ae73-2c6a-4200-a22f-9ba228724325/element/175f1f1d-1b2b-49a4-896c-2026d5f97348/click &amp#27;[39m&amp#27;[32m200&amp#27;[39m &amp#27;[90m1318 ms - 14&amp#27;[39m
&amp#27;[35m[HTTP]&amp#27;[39m &amp#27;[90m&amp#27;[39m
&amp#27;[35m[HTTP]&amp#27;[39m &amp#27;[37m-->&amp#27;[39m &amp#27;[37mGET&amp#27;[39m &amp#27;[37m/wd/hub/session/8fb2ae73-2c6a-4200-a22f-9ba228724325&amp#27;[39m
&amp#27;[35m[HTTP]&amp#27;[39m &amp#27;[90m{}&amp#27;[39m
[debug] &amp#27;[35m[W3C (8fb2ae73)]&amp#27;[39m Calling AppiumDriver.getSession() with args: ["8fb2ae73-2c6a-4200-a22f-9ba228724325"]
[debug] &amp#27;[35m[UiAutomator2]&amp#27;[39m Getting session details from server to mix in
[debug] &amp#27;[35m[WD Proxy]&amp#27;[39m Matched '/' to command name 'getSession'
[debug] &amp#27;[35m[WD Proxy]&amp#27;[39m Proxying [GET /] to [GET http://127.0.0.1:8201/wd/hub/session/81aab3ad-6ec1-48b0-b1ee-d458a0535b91] with no body
[debug] &amp#27;[35m[WD Proxy]&amp#27;[39m Got response with status 200: {"sessionId":"81aab3ad-6ec1-48b0-b1ee-d458a0535b91","value":{"lastScrollData":null}}
[debug] &amp#27;[35m[W3C (8fb2ae73)]&amp#27;[39m Responding to client with driver.getSession() result: {"platform":"LINUX","webStorageEnabled":false,"takesScreenshot":true,"javascriptEnabled":true,"databaseEnabled":false,"networkConnectionEnabled":true,"locationContextEnabled":false,"warnings":{},"desired":{"platformName":"android","app":"C:\\Users\\mansoor.ali\\eclipse-workspace\\Framework\\src\\ApiDemos-debug.apk","automationName":"uiautomator2","deviceName":"emulator-5554"},"platformName":"android","app":"C:\\Users\\mansoor.ali\\eclipse-workspace\\Framework\\src\\ApiDemos-debug.apk","automationName":"uiautomator2","deviceName":"emulator-5554","deviceUDID":"emulator-5554","appPackage":"io.appium.android.apis","deviceApiLevel":28,"platformVersion":"9","deviceScreenSize":"1080x1920","deviceScreenDensity":420,"deviceModel":"AOSP on IA Emulator","deviceManufacturer":"Google","pixelRatio":2.625,"statBarHeight":63,"viewportRect":{"left":0,"top":63,"width":1080,"height":1731},"lastScrollData":null}
&amp#27;[35m[HTTP]&amp#27;[39m &amp#27;[37m<-- GET /wd/hub/session/8fb2ae73-2c6a-4200-a22f-9ba228724325 &amp#27;[39m&amp#27;[32m200&amp#27;[39m &amp#27;[90m19 ms - 915&amp#27;[39m
&amp#27;[35m[HTTP]&amp#27;[39m &amp#27;[90m&amp#27;[39m
&amp#27;[35m[HTTP]&amp#27;[39m &amp#27;[37m-->&amp#27;[39m &amp#27;[37mPOST&amp#27;[39m &amp#27;[37m/wd/hub/session/8fb2ae73-2c6a-4200-a22f-9ba228724325/element&amp#27;[39m
&amp#27;[35m[HTTP]&amp#27;[39m &amp#27;[90m{"using":"xpath","value":"//android.widget.TextView[@text='Drag and Drop']"}&amp#27;[39m
[debug] &amp#27;[35m[W3C (8fb2ae73)]&amp#27;[39m Calling AppiumDriver.findElement() with args: ["xpath","//android.widget.TextView[@text='Drag and Drop']","8fb2ae73-2c6a-4200-a22f-9ba228724325"]
[debug] &amp#27;[35m[BaseDriver]&amp#27;[39m Valid locator strategies for this request: xpath, id, class name, accessibility id, css selector, -android uiautomator
[debug] &amp#27;[35m[BaseDriver]&amp#27;[39m Waiting up to 0 ms for condition
[debug] &amp#27;[35m[WD Proxy]&amp#27;[39m Matched '/element' to command name 'findElement'
[debug] &amp#27;[35m[WD Proxy]&amp#27;[39m Proxying [POST /element] to [POST http://127.0.0.1:8201/wd/hub/session/81aab3ad-6ec1-48b0-b1ee-d458a0535b91/element] with body: {"strategy":"xpath","selector":"//android.widget.TextView[@text='Drag and Drop']","context":"","multiple":false}
[debug] &amp#27;[35m[WD Proxy]&amp#27;[39m Got response with status 200: {"sessionId":"81aab3ad-6ec1-48b0-b1ee-d458a0535b91","value":{"ELEMENT":"df87d323-cb3e-4776-8551-082ee8adaf33","element-6066-11e4-a52e-4f735466cecf":"df87d323-cb3e-4776-8551-082ee8adaf33"}}
[debug] &amp#27;[35m[W3C (8fb2ae73)]&amp#27;[39m Responding to client with driver.findElement() result: {"element-6066-11e4-a52e-4f735466cecf":"df87d323-cb3e-4776-8551-082ee8adaf33","ELEMENT":"df87d323-cb3e-4776-8551-082ee8adaf33"}
&amp#27;[35m[HTTP]&amp#27;[39m &amp#27;[37m<-- POST /wd/hub/session/8fb2ae73-2c6a-4200-a22f-9ba228724325/element &amp#27;[39m&amp#27;[32m200&amp#27;[39m &amp#27;[90m99 ms - 137&amp#27;[39m
&amp#27;[35m[HTTP]&amp#27;[39m &amp#27;[90m&amp#27;[39m
&amp#27;[35m[HTTP]&amp#27;[39m &amp#27;[37m-->&amp#27;[39m &amp#27;[37mPOST&amp#27;[39m &amp#27;[37m/wd/hub/session/8fb2ae73-2c6a-4200-a22f-9ba228724325/touch/perform&amp#27;[39m
&amp#27;[35m[HTTP]&amp#27;[39m &amp#27;[90m{"actions":[{"action":"tap","options":{"element":"df87d323-cb3e-4776-8551-082ee8adaf33"}}]}&amp#27;[39m
[debug] &amp#27;[35m[W3C (8fb2ae73)]&amp#27;[39m Calling AppiumDriver.performTouch() with args: [[{"action":"tap","options":{"element":"df87d323-cb3e-4776-8551-082ee8adaf33"}}],"8fb2ae73-2c6a-4200-a22f-9ba228724325"]
&amp#27;[35m[UiAutomator2]&amp#27;[39m calling get location: df87d323-cb3e-4776-8551-082ee8adaf33
[debug] &amp#27;[35m[WD Proxy]&amp#27;[39m Matched '/element/df87d323-cb3e-4776-8551-082ee8adaf33/location' to command name 'getLocation'
[debug] &amp#27;[35m[WD Proxy]&amp#27;[39m Proxying [GET /element/df87d323-cb3e-4776-8551-082ee8adaf33/location] to [GET http://127.0.0.1:8201/wd/hub/session/81aab3ad-6ec1-48b0-b1ee-d458a0535b91/element/df87d323-cb3e-4776-8551-082ee8adaf33/location] with no body
[debug] &amp#27;[35m[WD Proxy]&amp#27;[39m Got response with status 200: {"sessionId":"81aab3ad-6ec1-48b0-b1ee-d458a0535b91","value":{"x":0,"y":1113}}
[debug] &amp#27;[35m[WD Proxy]&amp#27;[39m Matched '/element/df87d323-cb3e-4776-8551-082ee8adaf33/size' to command name 'getSize'
[debug] &amp#27;[35m[WD Proxy]&amp#27;[39m Proxying [GET /element/df87d323-cb3e-4776-8551-082ee8adaf33/size] to [GET http://127.0.0.1:8201/wd/hub/session/81aab3ad-6ec1-48b0-b1ee-d458a0535b91/element/df87d323-cb3e-4776-8551-082ee8adaf33/size] with no body
[debug] &amp#27;[35m[WD Proxy]&amp#27;[39m Got response with status 200: {"sessionId":"81aab3ad-6ec1-48b0-b1ee-d458a0535b91","value":{"height":126,"width":1080}}
[debug] &amp#27;[35m[WD Proxy]&amp#27;[39m Proxying [POST /appium/tap] to [POST http://127.0.0.1:8201/wd/hub/session/81aab3ad-6ec1-48b0-b1ee-d458a0535b91/appium/tap] with body: {"x":540,"y":1176,"undefined":null}
[debug] &amp#27;[35m[WD Proxy]&amp#27;[39m Got response with status 200: {"sessionId":"81aab3ad-6ec1-48b0-b1ee-d458a0535b91","value":null}
[debug] &amp#27;[35m[W3C (8fb2ae73)]&amp#27;[39m Responding to client with driver.performTouch() result: null
&amp#27;[35m[HTTP]&amp#27;[39m &amp#27;[37m<-- POST /wd/hub/session/8fb2ae73-2c6a-4200-a22f-9ba228724325/touch/perform &amp#27;[39m&amp#27;[32m200&amp#27;[39m &amp#27;[90m1138 ms - 14&amp#27;[39m
&amp#27;[35m[HTTP]&amp#27;[39m &amp#27;[90m&amp#27;[39m
In Utiltitles class Tap method&amp#27;[35m[HTTP]&amp#27;[39m &amp#27;[37m-->&amp#27;[39m &amp#27;[37mGET&amp#27;[39m &amp#27;[37m/wd/hub/session/8fb2ae73-2c6a-4200-a22f-9ba228724325&amp#27;[39m
&amp#27;[35m[HTTP]&amp#27;[39m &amp#27;[90m{}&amp#27;[39m
[debug] &amp#27;[35m[W3C (8fb2ae73)]&amp#27;[39m Calling AppiumDriver.getSession() with args: ["8fb2ae73-2c6a-4200-a22f-9ba228724325"]
[debug] &amp#27;[35m[UiAutomator2]&amp#27;[39m Getting session details from server to mix in
[debug] &amp#27;[35m[WD Proxy]&amp#27;[39m Matched '/' to command name 'getSession'
[debug] &amp#27;[35m[WD Proxy]&amp#27;[39m Proxying [GET /] to [GET http://127.0.0.1:8201/wd/hub/session/81aab3ad-6ec1-48b0-b1ee-d458a0535b91] with no body
[debug] &amp#27;[35m[WD Proxy]&amp#27;[39m Got response with status 200: {"sessionId":"81aab3ad-6ec1-48b0-b1ee-d458a0535b91","value":{"lastScrollData":null}}
[debug] &amp#27;[35m[W3C (8fb2ae73)]&amp#27;[39m Responding to client with driver.getSession() result: {"platform":"LINUX","webStorageEnabled":false,"takesScreenshot":true,"javascriptEnabled":true,"databaseEnabled":false,"networkConnectionEnabled":true,"locationContextEnabled":false,"warnings":{},"desired":{"platformName":"android","app":"C:\\Users\\mansoor.ali\\eclipse-workspace\\Framework\\src\\ApiDemos-debug.apk","automationName":"uiautomator2","deviceName":"emulator-5554"},"platformName":"android","app":"C:\\Users\\mansoor.ali\\eclipse-workspace\\Framework\\src\\ApiDemos-debug.apk","automationName":"uiautomator2","deviceName":"emulator-5554","deviceUDID":"emulator-5554","appPackage":"io.appium.android.apis","deviceApiLevel":28,"platformVersion":"9","deviceScreenSize":"1080x1920","deviceScreenDensity":420,"deviceModel":"AOSP on IA Emulator","deviceManufacturer":"Google","pixelRatio":2.625,"statBarHeight":63,"viewportRect":{"left":0,"top":63,"width":1080,"height":1731},"lastScrollData":null}
&amp#27;[35m[HTTP]&amp#27;[39m &amp#27;[37m<-- GET /wd/hub/session/8fb2ae73-2c6a-4200-a22f-9ba228724325 &amp#27;[39m&amp#27;[32m200&amp#27;[39m &amp#27;[90m17 ms - 915&amp#27;[39m
&amp#27;[35m[HTTP]&amp#27;[39m &amp#27;[90m&amp#27;[39m
&amp#27;[35m[HTTP]&amp#27;[39m &amp#27;[37m-->&amp#27;[39m &amp#27;[37mPOST&amp#27;[39m &amp#27;[37m/wd/hub/session/8fb2ae73-2c6a-4200-a22f-9ba228724325/element&amp#27;[39m
&amp#27;[35m[HTTP]&amp#27;[39m &amp#27;[90m{"using":"xpath","value":"//android.view.View[@index='1']"}&amp#27;[39m
[debug] &amp#27;[35m[W3C (8fb2ae73)]&amp#27;[39m Calling AppiumDriver.findElement() with args: ["xpath","//android.view.View[@index='1']","8fb2ae73-2c6a-4200-a22f-9ba228724325"]
[debug] &amp#27;[35m[BaseDriver]&amp#27;[39m Valid locator strategies for this request: xpath, id, class name, accessibility id, css selector, -android uiautomator
[debug] &amp#27;[35m[BaseDriver]&amp#27;[39m Waiting up to 0 ms for condition
[debug] &amp#27;[35m[WD Proxy]&amp#27;[39m Matched '/element' to command name 'findElement'
[debug] &amp#27;[35m[WD Proxy]&amp#27;[39m Proxying [POST /element] to [POST http://127.0.0.1:8201/wd/hub/session/81aab3ad-6ec1-48b0-b1ee-d458a0535b91/element] with body: {"strategy":"xpath","selector":"//android.view.View[@index='1']","context":"","multiple":false}
[debug] &amp#27;[35m[WD Proxy]&amp#27;[39m Got response with status 200: {"sessionId":"81aab3ad-6ec1-48b0-b1ee-d458a0535b91","value":{"ELEMENT":"097172a3-767f-4e75-920e-a2e87bb77a1e","element-6066-11e4-a52e-4f735466cecf":"097172a3-767f-4e75-920e-a2e87bb77a1e"}}
[debug] &amp#27;[35m[W3C (8fb2ae73)]&amp#27;[39m Responding to client with driver.findElement() result: {"element-6066-11e4-a52e-4f735466cecf":"097172a3-767f-4e75-920e-a2e87bb77a1e","ELEMENT":"097172a3-767f-4e75-920e-a2e87bb77a1e"}
&amp#27;[35m[HTTP]&amp#27;[39m &amp#27;[37m<-- POST /wd/hub/session/8fb2ae73-2c6a-4200-a22f-9ba228724325/element &amp#27;[39m&amp#27;[32m200&amp#27;[39m &amp#27;[90m67 ms - 137&amp#27;[39m
&amp#27;[35m[HTTP]&amp#27;[39m &amp#27;[90m&amp#27;[39m
&amp#27;[35m[HTTP]&amp#27;[39m &amp#27;[37m-->&amp#27;[39m &amp#27;[37mPOST&amp#27;[39m &amp#27;[37m/wd/hub/session/8fb2ae73-2c6a-4200-a22f-9ba228724325/touch/perform&amp#27;[39m
&amp#27;[35m[HTTP]&amp#27;[39m &amp#27;[90m{"actions":[{"action":"longPress","options":{"duration":2000,"element":"097172a3-767f-4e75-920e-a2e87bb77a1e"}},{"action":"release","options":{}}]}&amp#27;[39m
[debug] &amp#27;[35m[W3C (8fb2ae73)]&amp#27;[39m Calling AppiumDriver.performTouch() with args: [[{"action":"longPress","options":{"duration":2000,"element":"097172a3-767f-4e75-920e-a2e87bb77a1e"}},{"action":"release","options":{}}],"8fb2ae73-2c6a-4200-a22f-9ba228724325"]
&amp#27;[35m[UiAutomator2]&amp#27;[39m calling get location: 097172a3-767f-4e75-920e-a2e87bb77a1e
[debug] &amp#27;[35m[WD Proxy]&amp#27;[39m Matched '/element/097172a3-767f-4e75-920e-a2e87bb77a1e/location' to command name 'getLocation'
[debug] &amp#27;[35m[WD Proxy]&amp#27;[39m Proxying [GET /element/097172a3-767f-4e75-920e-a2e87bb77a1e/location] to [GET http://127.0.0.1:8201/wd/hub/session/81aab3ad-6ec1-48b0-b1ee-d458a0535b91/element/097172a3-767f-4e75-920e-a2e87bb77a1e/location] with no body
[debug] &amp#27;[35m[WD Proxy]&amp#27;[39m Got response with status 200: {"sessionId":"81aab3ad-6ec1-48b0-b1ee-d458a0535b91","value":{"x":0,"y":347}}
[debug] &amp#27;[35m[WD Proxy]&amp#27;[39m Matched '/element/097172a3-767f-4e75-920e-a2e87bb77a1e/size' to command name 'getSize'
[debug] &amp#27;[35m[WD Proxy]&amp#27;[39m Proxying [GET /element/097172a3-767f-4e75-920e-a2e87bb77a1e/size] to [GET http://127.0.0.1:8201/wd/hub/session/81aab3ad-6ec1-48b0-b1ee-d458a0535b91/element/097172a3-767f-4e75-920e-a2e87bb77a1e/size] with no body
[debug] &amp#27;[35m[WD Proxy]&amp#27;[39m Got response with status 200: {"sessionId":"81aab3ad-6ec1-48b0-b1ee-d458a0535b91","value":{"height":414,"width":414}}
[debug] &amp#27;[35m[WD Proxy]&amp#27;[39m Matched '/touch/longclick' to command name 'touchLongClick'
[debug] &amp#27;[35m[WD Proxy]&amp#27;[39m Proxying [POST /touch/longclick] to [POST http://127.0.0.1:8201/wd/hub/session/81aab3ad-6ec1-48b0-b1ee-d458a0535b91/touch/longclick] with body: {"params":{"element":null,"x":207,"y":554,"duration":2000}}
[debug] &amp#27;[35m[WD Proxy]&amp#27;[39m Got response with status 200: {"sessionId":"81aab3ad-6ec1-48b0-b1ee-d458a0535b91","value":null}
[debug] &amp#27;[35m[W3C (8fb2ae73)]&amp#27;[39m Responding to client with driver.performTouch() result: null
&amp#27;[35m[HTTP]&amp#27;[39m &amp#27;[37m<-- POST /wd/hub/session/8fb2ae73-2c6a-4200-a22f-9ba228724325/touch/perform &amp#27;[39m&amp#27;[32m200&amp#27;[39m &amp#27;[90m3601 ms - 14&amp#27;[39m
&amp#27;[35m[HTTP]&amp#27;[39m &amp#27;[90m&amp#27;[39m
In Utiltitles class LongPress method]]></system-out>
    <system-err><![CDATA[Aug 10, 2021 11:40:24 PM io.appium.java_client.remote.AppiumCommandExecutor$1 lambda$0
INFO: Detected dialect: W3C
]]></system-err>
  </testcase>
</testsuite>