<?xml version="1.0" encoding="UTF-8"?>
<!-- Generated by org.testng.reporters.JUnitReportReporter -->
<testsuite skipped="0" hostname="FRT-V0-1614" name="Ballogy.Framework.Gestures" tests="2" failures="0" timestamp="10 Aug 2021 18:40:32 GMT" time="59.272" errors="0">
  <testcase name="Gestures" time="28.555" classname="Ballogy.Framework.Gestures"/>
  <testcase name="Accessablilty" time="30.717" classname="Ballogy.Framework.Gestures"/>
</testsuite> <!-- Ballogy.Framework.Gestures -->
